This is e-pTeX, Version 3.14159265-p3.8.2-190131-2.6 (utf8.sjis) (TeX Live 2019/W32TeX) (preloaded format=platex 2019.6.28)  12 APR 2020 03:43
entering extended mode
 restricted \write18 enabled.
 %&-line parsing enabled.
**2020-04-09.tex
(./2020-04-09.tex
pLaTeX2e <2019-04-06> (based on LaTeX2e <2018-12-01>)
(c:/texlive/2019/texmf-dist/tex/platex/base/jarticle.cls
Document Class: jarticle 2019/04/02 v1.8b Standard pLaTeX class
\c@@paper=\count83
(c:/texlive/2019/texmf-dist/tex/platex/base/jsize10.clo
File: jsize10.clo 2019/04/02 v1.8b Standard pLaTeX file (size option)
)
\c@part=\count84
\c@section=\count85
\c@subsection=\count86
\c@subsubsection=\count87
\c@paragraph=\count88
\c@subparagraph=\count89
\c@figure=\count90
\c@table=\count91
\abovecaptionskip=\skip41
\belowcaptionskip=\skip42
\symmincho=\mathgroup4
LaTeX Font Info:    Overwriting symbol font `mincho' in version `bold'
(Font)                  JY1/mc/m/n --> JY1/gt/m/n on input line 614.
\toclineskip=\dimen118
\@lnumwidth=\dimen119
\bibindent=\dimen120
\heisei=\count92
)
(c:/texlive/2019/texmf-dist/tex/latex/graphics/graphicx.sty
Package: graphicx 2017/06/01 v1.1a Enhanced LaTeX Graphics (DPC,SPQR)

(c:/texlive/2019/texmf-dist/tex/latex/graphics/keyval.sty
Package: keyval 2014/10/28 v1.15 key=value parser (DPC)
\KV@toks@=\toks15
)
(c:/texlive/2019/texmf-dist/tex/latex/graphics/graphics.sty
Package: graphics 2017/06/25 v1.2c Standard LaTeX Graphics (DPC,SPQR)

(c:/texlive/2019/texmf-dist/tex/latex/graphics/trig.sty
Package: trig 2016/01/03 v1.10 sin cos tan (DPC)
)
(c:/texlive/2019/texmf-dist/tex/latex/graphics-cfg/graphics.cfg
File: graphics.cfg 2016/06/04 v1.11 sample graphics configuration
)
Package graphics Info: Driver file: dvipdfmx.def on input line 99.

(c:/texlive/2019/texmf-dist/tex/latex/graphics-def/dvipdfmx.def
File: dvipdfmx.def 2017/06/24 v5.0g Graphics/color driver for dvipdfmx
))
\Gin@req@height=\dimen121
\Gin@req@width=\dimen122
)
(c:/texlive/2019/texmf-dist/tex/latex/amsfonts/amssymb.sty
Package: amssymb 2013/01/14 v3.01 AMS font symbols

(c:/texlive/2019/texmf-dist/tex/latex/amsfonts/amsfonts.sty
Package: amsfonts 2013/01/14 v3.01 Basic AMSFonts support
\@emptytoks=\toks16
\symAMSa=\mathgroup5
\symAMSb=\mathgroup6
LaTeX Font Info:    Overwriting math alphabet `\mathfrak' in version `bold'
(Font)                  U/euf/m/n --> U/euf/b/n on input line 106.
))
(c:/texlive/2019/texmf-dist/tex/latex/subfigure/subfigure.sty
Package: subfigure 2002/03/15 v2.1.5 subfigure package
\subfigtopskip=\skip43
\subfigcapskip=\skip44
\subfigcaptopadj=\dimen123
\subfigbottomskip=\skip45
\subfigcapmargin=\dimen124
\subfiglabelskip=\skip46
\c@subfigure=\count93
\c@lofdepth=\count94
\c@subtable=\count95
\c@lotdepth=\count96

****************************************
* Local config file subfigure.cfg used *
****************************************
(c:/texlive/2019/texmf-dist/tex/latex/subfigure/subfigure.cfg)
\subfig@top=\skip47
\subfig@bottom=\skip48
)
(c:/texlive/2019/texmf-dist/tex/latex/here/here.sty)
(c:/texlive/2019/texmf-dist/tex/latex/float/float.sty
Package: float 2001/11/08 v1.3d Float enhancements (AL)
\c@float@type=\count97
\float@exts=\toks17
\float@box=\box43
\@float@everytoks=\toks18
\@floatcapt=\box44
) (./2020-04-09.aux)
\openout1 = `2020-04-09.aux'.

LaTeX Font Info:    Checking defaults for OML/cmm/m/it on input line 7.
LaTeX Font Info:    ... okay on input line 7.
LaTeX Font Info:    Checking defaults for T1/cmr/m/n on input line 7.
LaTeX Font Info:    ... okay on input line 7.
LaTeX Font Info:    Checking defaults for OT1/cmr/m/n on input line 7.
LaTeX Font Info:    ... okay on input line 7.
LaTeX Font Info:    Checking defaults for OMS/cmsy/m/n on input line 7.
LaTeX Font Info:    ... okay on input line 7.
LaTeX Font Info:    Checking defaults for OMX/cmex/m/n on input line 7.
LaTeX Font Info:    ... okay on input line 7.
LaTeX Font Info:    Checking defaults for U/cmr/m/n on input line 7.
LaTeX Font Info:    ... okay on input line 7.
LaTeX Font Info:    Checking defaults for JY1/mc/m/n on input line 7.
LaTeX Font Info:    ... okay on input line 7.
LaTeX Font Info:    Checking defaults for JT1/mc/m/n on input line 7.
LaTeX Font Info:    ... okay on input line 7.
LaTeX Font Info:    Try loading font information for U+msa on input line 12.

(c:/texlive/2019/texmf-dist/tex/latex/amsfonts/umsa.fd
File: umsa.fd 2013/01/14 v3.01 AMS symbols A
)
LaTeX Font Info:    Try loading font information for U+msb on input line 12.

(c:/texlive/2019/texmf-dist/tex/latex/amsfonts/umsb.fd
File: umsb.fd 2013/01/14 v3.01 AMS symbols B
)
LaTeX Font Info:    Font shape `JT1/mc/bx/n' in size <14.4> not available
(Font)              Font shape `JT1/gt/m/n' tried instead on input line 21.
LaTeX Font Info:    Font shape `JY1/mc/bx/n' in size <14.4> not available
(Font)              Font shape `JY1/gt/m/n' tried instead on input line 21.
 [1

] [2]
LaTeX Font Info:    Font shape `JT1/mc/bx/n' in size <12> not available
(Font)              Font shape `JT1/gt/m/n' tried instead on input line 60.
LaTeX Font Info:    Font shape `JY1/mc/bx/n' in size <12> not available
(Font)              Font shape `JY1/gt/m/n' tried instead on input line 60.
File: norm-PseudoF.pdf Graphic file (type pdf)
<norm-PseudoF.pdf>
File: norm-PseudoFwithMean.pdf Graphic file (type pdf)
<norm-PseudoFwithMean.pdf>
File: norm-PseudoFwithMin.pdf Graphic file (type pdf)
<norm-PseudoFwithMin.pdf>

Overfull \hbox (24.71112pt too wide) in paragraph at lines 69--76
 []  []  [] 
 []

File: norm-compscatter-2.pdf Graphic file (type pdf)
<norm-compscatter-2.pdf>
File: norm-compscatter-15.pdf Graphic file (type pdf)
<norm-compscatter-15.pdf>

Overfull \hbox (17.77774pt too wide) in paragraph at lines 102--106
 []  [] 
 []

[3]
File: 0315_07-plot.pdf Graphic file (type pdf)
<0315_07-plot.pdf>
File: 0322_07-plot.pdf Graphic file (type pdf)
<0322_07-plot.pdf>

Overfull \hbox (17.77774pt too wide) in paragraph at lines 130--134
 []  [] 
 []

[4]
File: diff-PseudoF.pdf Graphic file (type pdf)
<diff-PseudoF.pdf>
File: diff-PseudoFwithMean.pdf Graphic file (type pdf)
<diff-PseudoFwithMean.pdf>
File: diff-PseudoFwithMin.pdf Graphic file (type pdf)
<diff-PseudoFwithMin.pdf>

Overfull \hbox (24.71112pt too wide) in paragraph at lines 175--182
 []  []  [] 
 []

File: diff-compscatter-5.pdf Graphic file (type pdf)
<diff-compscatter-5.pdf>
File: diff-compscatter-15.pdf Graphic file (type pdf)
<diff-compscatter-15.pdf>

Overfull \hbox (17.77774pt too wide) in paragraph at lines 208--212
 []  [] 
 []

[5]
File: norm_comp-PseudoF.pdf Graphic file (type pdf)
<norm_comp-PseudoF.pdf>
File: norm_comp-PseudoFwithMean.pdf Graphic file (type pdf)
<norm_comp-PseudoFwithMean.pdf>
File: norm_comp-PseudoFwithMin.pdf Graphic file (type pdf)
<norm_comp-PseudoFwithMin.pdf>

Overfull \hbox (24.71112pt too wide) in paragraph at lines 230--237
 []  []  [] 
 []

File: norm_comp-compscatter-3.pdf Graphic file (type pdf)
<norm_comp-compscatter-3.pdf>
File: norm_comp-compscatter-8.pdf Graphic file (type pdf)
<norm_comp-compscatter-8.pdf>

Overfull \hbox (17.77774pt too wide) in paragraph at lines 263--266
 []  [] 
 []

File: norm_comp-compscatter-14.pdf Graphic file (type pdf)
<norm_comp-compscatter-14.pdf>
File: norm_comp-compscatter-15.pdf Graphic file (type pdf)
<norm_comp-compscatter-15.pdf>

Overfull \hbox (17.77774pt too wide) in paragraph at lines 269--272
 [][]  [] 
 []

[6] [7]
File: diff_comp-PseudoF.pdf Graphic file (type pdf)
<diff_comp-PseudoF.pdf>
File: diff_comp-PseudoFwithMean.pdf Graphic file (type pdf)
<diff_comp-PseudoFwithMean.pdf>
File: diff_comp-PseudoFwithMin.pdf Graphic file (type pdf)
<diff_comp-PseudoFwithMin.pdf>

Overfull \hbox (24.71112pt too wide) in paragraph at lines 292--299
 []  []  [] 
 []

File: diff_comp-compscatter-3.pdf Graphic file (type pdf)
<diff_comp-compscatter-3.pdf>
File: diff_comp-compscatter-4.pdf Graphic file (type pdf)
<diff_comp-compscatter-4.pdf>

Overfull \hbox (17.77774pt too wide) in paragraph at lines 325--328
 []  [] 
 []

File: diff_comp-compscatter-15.pdf Graphic file (type pdf)
<diff_comp-compscatter-15.pdf>
[8]
File: norm_comp-eucl-ward-8-timezone.pdf Graphic file (type pdf)
<norm_comp-eucl-ward-8-timezone.pdf>
File: norm_comp-eucl-ward-8-day.pdf Graphic file (type pdf)
<norm_comp-eucl-ward-8-day.pdf>

Overfull \hbox (17.77774pt too wide) in paragraph at lines 355--358
 []  [] 
 []

File: norm_comp-eucl-ward-8-timezone-day.pdf Graphic file (type pdf)
<norm_comp-eucl-ward-8-timezone-day.pdf>
[9] [10]
File: diff_comp-eucl-ward-4-timezone.pdf Graphic file (type pdf)
<diff_comp-eucl-ward-4-timezone.pdf>
File: diff_comp-eucl-ward-4-day.pdf Graphic file (type pdf)
<diff_comp-eucl-ward-4-day.pdf>

Overfull \hbox (17.77774pt too wide) in paragraph at lines 387--390
 []  [] 
 []

File: diff_comp-eucl-ward-4-timezone-day.pdf Graphic file (type pdf)
<diff_comp-eucl-ward-4-timezone-day.pdf>
[11] [12] (./2020-04-09.aux)

LaTeX Warning: Label(s) may have changed. Rerun to get cross-references right.

 ) 
Here is how much of TeX's memory you used:
 1339 strings out of 493230
 19040 string characters out of 6147555
 83567 words of memory out of 5000000
 5278 multiletter control sequences out of 15000+600000
 14865 words of font info for 59 fonts, out of 8000000 for 9000
 929 hyphenation exceptions out of 8191
 25i,8n,27p,456b,361s stack positions out of 5000i,500n,10000p,200000b,80000s

Output written on 2020-04-09.dvi (12 pages, 33556 bytes).
