This is e-pTeX, Version 3.14159265-p3.8.2-190131-2.6 (utf8.sjis) (TeX Live 2019/W32TeX) (preloaded format=platex 2019.6.28)  8 JUL 2020 09:39
entering extended mode
 restricted \write18 enabled.
 %&-line parsing enabled.
**2020-07-08.tex
(./2020-07-08.tex
pLaTeX2e <2019-04-06> (based on LaTeX2e <2018-12-01>)
(c:/texlive/2019/texmf-dist/tex/platex/base/jarticle.cls
Document Class: jarticle 2019/04/02 v1.8b Standard pLaTeX class
\c@@paper=\count83
(c:/texlive/2019/texmf-dist/tex/platex/base/jsize10.clo
File: jsize10.clo 2019/04/02 v1.8b Standard pLaTeX file (size option)
)
\c@part=\count84
\c@section=\count85
\c@subsection=\count86
\c@subsubsection=\count87
\c@paragraph=\count88
\c@subparagraph=\count89
\c@figure=\count90
\c@table=\count91
\abovecaptionskip=\skip41
\belowcaptionskip=\skip42
\symmincho=\mathgroup4
LaTeX Font Info:    Overwriting symbol font `mincho' in version `bold'
(Font)                  JY1/mc/m/n --> JY1/gt/m/n on input line 614.
\toclineskip=\dimen118
\@lnumwidth=\dimen119
\bibindent=\dimen120
\heisei=\count92
)
(c:/texlive/2019/texmf-dist/tex/latex/graphics/graphicx.sty
Package: graphicx 2017/06/01 v1.1a Enhanced LaTeX Graphics (DPC,SPQR)

(c:/texlive/2019/texmf-dist/tex/latex/graphics/keyval.sty
Package: keyval 2014/10/28 v1.15 key=value parser (DPC)
\KV@toks@=\toks15
)
(c:/texlive/2019/texmf-dist/tex/latex/graphics/graphics.sty
Package: graphics 2017/06/25 v1.2c Standard LaTeX Graphics (DPC,SPQR)

(c:/texlive/2019/texmf-dist/tex/latex/graphics/trig.sty
Package: trig 2016/01/03 v1.10 sin cos tan (DPC)
)
(c:/texlive/2019/texmf-dist/tex/latex/graphics-cfg/graphics.cfg
File: graphics.cfg 2016/06/04 v1.11 sample graphics configuration
)
Package graphics Info: Driver file: dvipdfmx.def on input line 99.

(c:/texlive/2019/texmf-dist/tex/latex/graphics-def/dvipdfmx.def
File: dvipdfmx.def 2017/06/24 v5.0g Graphics/color driver for dvipdfmx
))
\Gin@req@height=\dimen121
\Gin@req@width=\dimen122
)
(c:/texlive/2019/texmf-dist/tex/latex/amsfonts/amssymb.sty
Package: amssymb 2013/01/14 v3.01 AMS font symbols

(c:/texlive/2019/texmf-dist/tex/latex/amsfonts/amsfonts.sty
Package: amsfonts 2013/01/14 v3.01 Basic AMSFonts support
\@emptytoks=\toks16
\symAMSa=\mathgroup5
\symAMSb=\mathgroup6
LaTeX Font Info:    Overwriting math alphabet `\mathfrak' in version `bold'
(Font)                  U/euf/m/n --> U/euf/b/n on input line 106.
))
(c:/texlive/2019/texmf-dist/tex/latex/subfigure/subfigure.sty
Package: subfigure 2002/03/15 v2.1.5 subfigure package
\subfigtopskip=\skip43
\subfigcapskip=\skip44
\subfigcaptopadj=\dimen123
\subfigbottomskip=\skip45
\subfigcapmargin=\dimen124
\subfiglabelskip=\skip46
\c@subfigure=\count93
\c@lofdepth=\count94
\c@subtable=\count95
\c@lotdepth=\count96

****************************************
* Local config file subfigure.cfg used *
****************************************
(c:/texlive/2019/texmf-dist/tex/latex/subfigure/subfigure.cfg)
\subfig@top=\skip47
\subfig@bottom=\skip48
)
(c:/texlive/2019/texmf-dist/tex/latex/tools/longtable.sty
Package: longtable 2014/10/28 v4.11 Multi-page Table package (DPC)+ FMi change
\LTleft=\skip49
\LTright=\skip50
\LTpre=\skip51
\LTpost=\skip52
\LTchunksize=\count97
\LTcapwidth=\dimen125
\LT@head=\box43
\LT@firsthead=\box44
\LT@foot=\box45
\LT@lastfoot=\box46
\LT@cols=\count98
\LT@rows=\count99
\c@LT@tables=\count100
\c@LT@chunks=\count101
\LT@p@ftn=\toks17
) (./2020-07-08.aux)
\openout1 = `2020-07-08.aux'.

LaTeX Font Info:    Checking defaults for OML/cmm/m/it on input line 7.
LaTeX Font Info:    ... okay on input line 7.
LaTeX Font Info:    Checking defaults for T1/cmr/m/n on input line 7.
LaTeX Font Info:    ... okay on input line 7.
LaTeX Font Info:    Checking defaults for OT1/cmr/m/n on input line 7.
LaTeX Font Info:    ... okay on input line 7.
LaTeX Font Info:    Checking defaults for OMS/cmsy/m/n on input line 7.
LaTeX Font Info:    ... okay on input line 7.
LaTeX Font Info:    Checking defaults for OMX/cmex/m/n on input line 7.
LaTeX Font Info:    ... okay on input line 7.
LaTeX Font Info:    Checking defaults for U/cmr/m/n on input line 7.
LaTeX Font Info:    ... okay on input line 7.
LaTeX Font Info:    Checking defaults for JY1/mc/m/n on input line 7.
LaTeX Font Info:    ... okay on input line 7.
LaTeX Font Info:    Checking defaults for JT1/mc/m/n on input line 7.
LaTeX Font Info:    ... okay on input line 7.
LaTeX Font Info:    Try loading font information for OMS+cmr on input line 18.

(c:/texlive/2019/texmf-dist/tex/latex/base/omscmr.fd
File: omscmr.fd 2014/09/29 v2.5h Standard LaTeX font definitions
)
LaTeX Font Info:    Font shape `OMS/cmr/m/n' in size <10> not available
(Font)              Font shape `OMS/cmsy/m/n' tried instead on input line 18.
LaTeX Font Info:    Font shape `JT1/mc/bx/n' in size <14.4> not available
(Font)              Font shape `JT1/gt/m/n' tried instead on input line 24.
LaTeX Font Info:    Font shape `JY1/mc/bx/n' in size <14.4> not available
(Font)              Font shape `JY1/gt/m/n' tried instead on input line 24.
LaTeX Font Info:    Try loading font information for U+msa on input line 25.

(c:/texlive/2019/texmf-dist/tex/latex/amsfonts/umsa.fd
File: umsa.fd 2013/01/14 v3.01 AMS symbols A
)
LaTeX Font Info:    Try loading font information for U+msb on input line 25.

(c:/texlive/2019/texmf-dist/tex/latex/amsfonts/umsb.fd
File: umsb.fd 2013/01/14 v3.01 AMS symbols B
)
File: ../2020-07-02/0-1.pdf Graphic file (type pdf)
<../2020-07-02/0-1.pdf>
File: ../2020-07-02/1-2.pdf Graphic file (type pdf)
<../2020-07-02/1-2.pdf>
File: ../2020-07-02/2-3.pdf Graphic file (type pdf)
<../2020-07-02/2-3.pdf>

Overfull \hbox (24.71112pt too wide) in paragraph at lines 30--36
 []  []  [] 
 []

File: ../2020-07-02/3-4.pdf Graphic file (type pdf)
<../2020-07-02/3-4.pdf>
File: ../2020-07-02/4-5.pdf Graphic file (type pdf)
<../2020-07-02/4-5.pdf>
File: ../2020-07-02/5-6.pdf Graphic file (type pdf)
<../2020-07-02/5-6.pdf>

Overfull \hbox (24.71112pt too wide) in paragraph at lines 40--46
 [][]  []  [] 
 []

File: ../2020-07-02/6-7.pdf Graphic file (type pdf)
<../2020-07-02/6-7.pdf>
File: ../2020-07-02/7-8.pdf Graphic file (type pdf)
<../2020-07-02/7-8.pdf>
File: ../2020-07-02/8-9.pdf Graphic file (type pdf)
<../2020-07-02/8-9.pdf>

Overfull \hbox (24.71112pt too wide) in paragraph at lines 50--56
 [][]  []  [] 
 []

File: ../2020-07-02/9-10.pdf Graphic file (type pdf)
<../2020-07-02/9-10.pdf>
File: ../2020-07-02/10-11.pdf Graphic file (type pdf)
<../2020-07-02/10-11.pdf>
File: ../2020-07-02/11-12.pdf Graphic file (type pdf)
<../2020-07-02/11-12.pdf>

Overfull \hbox (24.71112pt too wide) in paragraph at lines 60--66
 [][]  []  [] 
 []

File: ../2020-07-02/12-13.pdf Graphic file (type pdf)
<../2020-07-02/12-13.pdf>
File: ../2020-07-02/13-14.pdf Graphic file (type pdf)
<../2020-07-02/13-14.pdf>
File: ../2020-07-02/14-15.pdf Graphic file (type pdf)
<../2020-07-02/14-15.pdf>

Overfull \hbox (24.71112pt too wide) in paragraph at lines 70--77
 [][]  []  [] 
 []


LaTeX Warning: Float too large for page by 17.37505pt on input line 80.

File: ../2020-07-02/15-16.pdf Graphic file (type pdf)
<../2020-07-02/15-16.pdf>
File: ../2020-07-02/16-17.pdf Graphic file (type pdf)
<../2020-07-02/16-17.pdf>
File: ../2020-07-02/17-18.pdf Graphic file (type pdf)
<../2020-07-02/17-18.pdf>

Overfull \hbox (24.71112pt too wide) in paragraph at lines 86--92
 []  []  [] 
 []

File: ../2020-07-02/18-19.pdf Graphic file (type pdf)
<../2020-07-02/18-19.pdf>
File: ../2020-07-02/19-20.pdf Graphic file (type pdf)
<../2020-07-02/19-20.pdf>
File: ../2020-07-02/20-21.pdf Graphic file (type pdf)
<../2020-07-02/20-21.pdf>

Overfull \hbox (24.71112pt too wide) in paragraph at lines 96--102
 [][]  []  [] 
 []

File: ../2020-07-02/21-22.pdf Graphic file (type pdf)
<../2020-07-02/21-22.pdf>
File: ../2020-07-02/22-23.pdf Graphic file (type pdf)
<../2020-07-02/22-23.pdf>
File: ../2020-07-02/23-24.pdf Graphic file (type pdf)
<../2020-07-02/23-24.pdf>

Overfull \hbox (24.71112pt too wide) in paragraph at lines 106--112
 [][]  []  [] 
 []

File: ../2020-07-02/24-25.pdf Graphic file (type pdf)
<../2020-07-02/24-25.pdf>
File: ../2020-07-02/25-26.pdf Graphic file (type pdf)
<../2020-07-02/25-26.pdf>
File: ../2020-07-02/26-27.pdf Graphic file (type pdf)
<../2020-07-02/26-27.pdf>

Overfull \hbox (24.71112pt too wide) in paragraph at lines 116--122
 [][]  []  [] 
 []

File: ../2020-07-02/27-28.pdf Graphic file (type pdf)
<../2020-07-02/27-28.pdf>
File: ../2020-07-02/28-29.pdf Graphic file (type pdf)
<../2020-07-02/28-29.pdf>
File: ../2020-07-02/29-30.pdf Graphic file (type pdf)
<../2020-07-02/29-30.pdf>

Overfull \hbox (24.71112pt too wide) in paragraph at lines 126--133
 [][]  []  [] 
 []


LaTeX Warning: Float too large for page by 17.37505pt on input line 135.

File: ../2020-07-02/30-31.pdf Graphic file (type pdf)
<../2020-07-02/30-31.pdf>
File: ../2020-07-02/31-32.pdf Graphic file (type pdf)
<../2020-07-02/31-32.pdf>
File: ../2020-07-02/32-33.pdf Graphic file (type pdf)
<../2020-07-02/32-33.pdf>

Overfull \hbox (24.71112pt too wide) in paragraph at lines 141--147
 []  []  [] 
 []

File: ../2020-07-02/33-34.pdf Graphic file (type pdf)
<../2020-07-02/33-34.pdf>
File: ../2020-07-02/34-35.pdf Graphic file (type pdf)
<../2020-07-02/34-35.pdf>
File: ../2020-07-02/35-36.pdf Graphic file (type pdf)
<../2020-07-02/35-36.pdf>

Overfull \hbox (24.71112pt too wide) in paragraph at lines 151--157
 [][]  []  [] 
 []

File: ../2020-07-02/36-37.pdf Graphic file (type pdf)
<../2020-07-02/36-37.pdf>
File: ../2020-07-02/37-38.pdf Graphic file (type pdf)
<../2020-07-02/37-38.pdf>
File: ../2020-07-02/38-39.pdf Graphic file (type pdf)
<../2020-07-02/38-39.pdf>

Overfull \hbox (24.71112pt too wide) in paragraph at lines 161--167
 [][]  []  [] 
 []

File: ../2020-07-02/39-40.pdf Graphic file (type pdf)
<../2020-07-02/39-40.pdf>
File: ../2020-07-02/40-41.pdf Graphic file (type pdf)
<../2020-07-02/40-41.pdf>
File: ../2020-07-02/41-42.pdf Graphic file (type pdf)
<../2020-07-02/41-42.pdf>

Overfull \hbox (24.71112pt too wide) in paragraph at lines 171--177
 [][]  []  [] 
 []

File: ../2020-07-02/42-43.pdf Graphic file (type pdf)
<../2020-07-02/42-43.pdf>
File: ../2020-07-02/43-44.pdf Graphic file (type pdf)
<../2020-07-02/43-44.pdf>
File: ../2020-07-02/44-45.pdf Graphic file (type pdf)
<../2020-07-02/44-45.pdf>

Overfull \hbox (24.71112pt too wide) in paragraph at lines 181--188
 [][]  []  [] 
 []


LaTeX Warning: Float too large for page by 17.37505pt on input line 190.

File: ../2020-07-02/45-46.pdf Graphic file (type pdf)
<../2020-07-02/45-46.pdf>
File: ../2020-07-02/46-47.pdf Graphic file (type pdf)
<../2020-07-02/46-47.pdf>
File: ../2020-07-02/47-48.pdf Graphic file (type pdf)
<../2020-07-02/47-48.pdf>

Overfull \hbox (24.71112pt too wide) in paragraph at lines 196--202
 []  []  [] 
 []

File: ../2020-07-02/48-49.pdf Graphic file (type pdf)
<../2020-07-02/48-49.pdf>
File: ../2020-07-02/49-50.pdf Graphic file (type pdf)
<../2020-07-02/49-50.pdf>
File: ../2020-07-02/50-51.pdf Graphic file (type pdf)
<../2020-07-02/50-51.pdf>

Overfull \hbox (24.71112pt too wide) in paragraph at lines 206--212
 [][]  []  [] 
 []

File: ../2020-07-02/51-52.pdf Graphic file (type pdf)
<../2020-07-02/51-52.pdf>
File: ../2020-07-02/52-53.pdf Graphic file (type pdf)
<../2020-07-02/52-53.pdf>
File: ../2020-07-02/53-54.pdf Graphic file (type pdf)
<../2020-07-02/53-54.pdf>

Overfull \hbox (24.71112pt too wide) in paragraph at lines 216--222
 [][]  []  [] 
 []

File: ../2020-07-02/54-55.pdf Graphic file (type pdf)
<../2020-07-02/54-55.pdf>
File: ../2020-07-02/55-56.pdf Graphic file (type pdf)
<../2020-07-02/55-56.pdf>
File: ../2020-07-02/56-57.pdf Graphic file (type pdf)
<../2020-07-02/56-57.pdf>

Overfull \hbox (24.71112pt too wide) in paragraph at lines 226--232
 [][]  []  [] 
 []

File: ../2020-07-02/57-58.pdf Graphic file (type pdf)
<../2020-07-02/57-58.pdf>
File: ../2020-07-02/58-59.pdf Graphic file (type pdf)
<../2020-07-02/58-59.pdf>
File: ../2020-07-02/59-60.pdf Graphic file (type pdf)
<../2020-07-02/59-60.pdf>

Overfull \hbox (24.71112pt too wide) in paragraph at lines 236--243
 [][]  []  [] 
 []


LaTeX Warning: Float too large for page by 17.37505pt on input line 246.

File: plot5s.pdf Graphic file (type pdf)
<plot5s.pdf>
File: plot-6-23.pdf Graphic file (type pdf)
<plot-6-23.pdf>
File: plot-6-24.pdf Graphic file (type pdf)
<plot-6-24.pdf>

Overfull \hbox (17.77774pt too wide) in paragraph at lines 266--269
 []  [] 
 []

File: plot-6-25.pdf Graphic file (type pdf)
<plot-6-25.pdf>
File: plot-6-26.pdf Graphic file (type pdf)
<plot-6-26.pdf>

Overfull \hbox (17.77774pt too wide) in paragraph at lines 272--275
 [][]  [] 
 []

File: plot-6-27.pdf Graphic file (type pdf)
<plot-6-27.pdf>
File: plot-6-28.pdf Graphic file (type pdf)
<plot-6-28.pdf>

Overfull \hbox (17.77774pt too wide) in paragraph at lines 278--282
 [][]  [] 
 []

File: plot-6-29.pdf Graphic file (type pdf)
<plot-6-29.pdf>
File: plot-6-30.pdf Graphic file (type pdf)
<plot-6-30.pdf>

Overfull \hbox (17.77774pt too wide) in paragraph at lines 290--293
 []  [] 
 []

File: plot-7-1.pdf Graphic file (type pdf)
<plot-7-1.pdf>
File: plot-7-2.pdf Graphic file (type pdf)
<plot-7-2.pdf>

Overfull \hbox (17.77774pt too wide) in paragraph at lines 296--299
 [][]  [] 
 []

File: plot-7-3.pdf Graphic file (type pdf)
<plot-7-3.pdf>
File: plot-7-4.pdf Graphic file (type pdf)
<plot-7-4.pdf>

Overfull \hbox (17.77774pt too wide) in paragraph at lines 302--306
 [][]  [] 
 []

File: plot-7-5.pdf Graphic file (type pdf)
<plot-7-5.pdf>
File: plot-7-6.pdf Graphic file (type pdf)
<plot-7-6.pdf>

Overfull \hbox (17.77774pt too wide) in paragraph at lines 314--318
 []  [] 
 []

[1

] (./2020-07-08.bbl [2] [3]) [4] [5] [6] [7] [8] [9] [10] [11] [12]
(./2020-07-08.aux) ) 
Here is how much of TeX's memory you used:
 1484 strings out of 493230
 20191 string characters out of 6147555
 111682 words of memory out of 5000000
 5393 multiletter control sequences out of 15000+600000
 14876 words of font info for 61 fonts, out of 8000000 for 9000
 929 hyphenation exceptions out of 8191
 25i,8n,27p,949b,372s stack positions out of 5000i,500n,10000p,200000b,80000s

Output written on 2020-07-08.dvi (12 pages, 29688 bytes).
