This is e-pTeX, Version 3.14159265-p3.8.2-190131-2.6 (utf8.sjis) (TeX Live 2019/W32TeX) (preloaded format=platex 2019.6.28)  4 AUG 2020 15:11
entering extended mode
 restricted \write18 enabled.
 %&-line parsing enabled.
**2020-08-04.tex
(./2020-08-04.tex
pLaTeX2e <2019-04-06> (based on LaTeX2e <2018-12-01>)
(c:/texlive/2019/texmf-dist/tex/platex/base/jarticle.cls
Document Class: jarticle 2019/04/02 v1.8b Standard pLaTeX class
\c@@paper=\count83
(c:/texlive/2019/texmf-dist/tex/platex/base/jsize10.clo
File: jsize10.clo 2019/04/02 v1.8b Standard pLaTeX file (size option)
)
\c@part=\count84
\c@section=\count85
\c@subsection=\count86
\c@subsubsection=\count87
\c@paragraph=\count88
\c@subparagraph=\count89
\c@figure=\count90
\c@table=\count91
\abovecaptionskip=\skip41
\belowcaptionskip=\skip42
\symmincho=\mathgroup4
LaTeX Font Info:    Overwriting symbol font `mincho' in version `bold'
(Font)                  JY1/mc/m/n --> JY1/gt/m/n on input line 614.
\toclineskip=\dimen118
\@lnumwidth=\dimen119
\bibindent=\dimen120
\heisei=\count92
)
(c:/texlive/2019/texmf-dist/tex/latex/graphics/graphicx.sty
Package: graphicx 2017/06/01 v1.1a Enhanced LaTeX Graphics (DPC,SPQR)

(c:/texlive/2019/texmf-dist/tex/latex/graphics/keyval.sty
Package: keyval 2014/10/28 v1.15 key=value parser (DPC)
\KV@toks@=\toks15
)
(c:/texlive/2019/texmf-dist/tex/latex/graphics/graphics.sty
Package: graphics 2017/06/25 v1.2c Standard LaTeX Graphics (DPC,SPQR)

(c:/texlive/2019/texmf-dist/tex/latex/graphics/trig.sty
Package: trig 2016/01/03 v1.10 sin cos tan (DPC)
)
(c:/texlive/2019/texmf-dist/tex/latex/graphics-cfg/graphics.cfg
File: graphics.cfg 2016/06/04 v1.11 sample graphics configuration
)
Package graphics Info: Driver file: dvipdfmx.def on input line 99.

(c:/texlive/2019/texmf-dist/tex/latex/graphics-def/dvipdfmx.def
File: dvipdfmx.def 2017/06/24 v5.0g Graphics/color driver for dvipdfmx
))
\Gin@req@height=\dimen121
\Gin@req@width=\dimen122
)
(c:/texlive/2019/texmf-dist/tex/latex/amsfonts/amssymb.sty
Package: amssymb 2013/01/14 v3.01 AMS font symbols

(c:/texlive/2019/texmf-dist/tex/latex/amsfonts/amsfonts.sty
Package: amsfonts 2013/01/14 v3.01 Basic AMSFonts support
\@emptytoks=\toks16
\symAMSa=\mathgroup5
\symAMSb=\mathgroup6
LaTeX Font Info:    Overwriting math alphabet `\mathfrak' in version `bold'
(Font)                  U/euf/m/n --> U/euf/b/n on input line 106.
))
(c:/texlive/2019/texmf-dist/tex/latex/subfigure/subfigure.sty
Package: subfigure 2002/03/15 v2.1.5 subfigure package
\subfigtopskip=\skip43
\subfigcapskip=\skip44
\subfigcaptopadj=\dimen123
\subfigbottomskip=\skip45
\subfigcapmargin=\dimen124
\subfiglabelskip=\skip46
\c@subfigure=\count93
\c@lofdepth=\count94
\c@subtable=\count95
\c@lotdepth=\count96

****************************************
* Local config file subfigure.cfg used *
****************************************
(c:/texlive/2019/texmf-dist/tex/latex/subfigure/subfigure.cfg)
\subfig@top=\skip47
\subfig@bottom=\skip48
)
(c:/texlive/2019/texmf-dist/tex/latex/tools/longtable.sty
Package: longtable 2014/10/28 v4.11 Multi-page Table package (DPC)+ FMi change
\LTleft=\skip49
\LTright=\skip50
\LTpre=\skip51
\LTpost=\skip52
\LTchunksize=\count97
\LTcapwidth=\dimen125
\LT@head=\box43
\LT@firsthead=\box44
\LT@foot=\box45
\LT@lastfoot=\box46
\LT@cols=\count98
\LT@rows=\count99
\c@LT@tables=\count100
\c@LT@chunks=\count101
\LT@p@ftn=\toks17
) (./2020-08-04.aux)
\openout1 = `2020-08-04.aux'.

LaTeX Font Info:    Checking defaults for OML/cmm/m/it on input line 7.
LaTeX Font Info:    ... okay on input line 7.
LaTeX Font Info:    Checking defaults for T1/cmr/m/n on input line 7.
LaTeX Font Info:    ... okay on input line 7.
LaTeX Font Info:    Checking defaults for OT1/cmr/m/n on input line 7.
LaTeX Font Info:    ... okay on input line 7.
LaTeX Font Info:    Checking defaults for OMS/cmsy/m/n on input line 7.
LaTeX Font Info:    ... okay on input line 7.
LaTeX Font Info:    Checking defaults for OMX/cmex/m/n on input line 7.
LaTeX Font Info:    ... okay on input line 7.
LaTeX Font Info:    Checking defaults for U/cmr/m/n on input line 7.
LaTeX Font Info:    ... okay on input line 7.
LaTeX Font Info:    Checking defaults for JY1/mc/m/n on input line 7.
LaTeX Font Info:    ... okay on input line 7.
LaTeX Font Info:    Checking defaults for JT1/mc/m/n on input line 7.
LaTeX Font Info:    ... okay on input line 7.
LaTeX Font Info:    Try loading font information for OMS+cmr on input line 18.

(c:/texlive/2019/texmf-dist/tex/latex/base/omscmr.fd
File: omscmr.fd 2014/09/29 v2.5h Standard LaTeX font definitions
)
LaTeX Font Info:    Font shape `OMS/cmr/m/n' in size <10> not available
(Font)              Font shape `OMS/cmsy/m/n' tried instead on input line 18.
LaTeX Font Info:    Font shape `JT1/mc/bx/n' in size <14.4> not available
(Font)              Font shape `JT1/gt/m/n' tried instead on input line 23.
LaTeX Font Info:    Font shape `JY1/mc/bx/n' in size <14.4> not available
(Font)              Font shape `JY1/gt/m/n' tried instead on input line 23.
File: C:/master/mstudy/analysis/long/plot-6-23.pdf Graphic file (type pdf)
<C:/master/mstudy/analysis/long/plot-6-23.pdf>
File: C:/master/mstudy/analysis/long/plot-6-24.pdf Graphic file (type pdf)
<C:/master/mstudy/analysis/long/plot-6-24.pdf>
File: C:/master/mstudy/analysis/long/plot-6-25.pdf Graphic file (type pdf)
<C:/master/mstudy/analysis/long/plot-6-25.pdf>

Overfull \hbox (24.71112pt too wide) in paragraph at lines 34--40
 []  []  [] 
 []

File: C:/master/mstudy/analysis/long/plot-6-26.pdf Graphic file (type pdf)
<C:/master/mstudy/analysis/long/plot-6-26.pdf>
File: C:/master/mstudy/analysis/long/plot-6-27.pdf Graphic file (type pdf)
<C:/master/mstudy/analysis/long/plot-6-27.pdf>
File: C:/master/mstudy/analysis/long/plot-6-28.pdf Graphic file (type pdf)
<C:/master/mstudy/analysis/long/plot-6-28.pdf>

Overfull \hbox (24.71112pt too wide) in paragraph at lines 43--49
 [][]  []  [] 
 []

File: C:/master/mstudy/analysis/long/plot-6-29.pdf Graphic file (type pdf)
<C:/master/mstudy/analysis/long/plot-6-29.pdf>
File: C:/master/mstudy/analysis/long/plot-6-30.pdf Graphic file (type pdf)
<C:/master/mstudy/analysis/long/plot-6-30.pdf>
File: C:/master/mstudy/analysis/long/plot-7-1.pdf Graphic file (type pdf)
<C:/master/mstudy/analysis/long/plot-7-1.pdf>

Overfull \hbox (24.71112pt too wide) in paragraph at lines 52--58
 [][]  []  [] 
 []

File: C:/master/mstudy/analysis/long/plot-7-2.pdf Graphic file (type pdf)
<C:/master/mstudy/analysis/long/plot-7-2.pdf>
File: C:/master/mstudy/analysis/long/plot-7-3.pdf Graphic file (type pdf)
<C:/master/mstudy/analysis/long/plot-7-3.pdf>
File: C:/master/mstudy/analysis/long/plot-7-4.pdf Graphic file (type pdf)
<C:/master/mstudy/analysis/long/plot-7-4.pdf>

Overfull \hbox (24.71112pt too wide) in paragraph at lines 61--67
 [][]  []  [] 
 []

File: C:/master/mstudy/analysis/long/plot-7-5.pdf Graphic file (type pdf)
<C:/master/mstudy/analysis/long/plot-7-5.pdf>
File: C:/master/mstudy/analysis/long/plot-7-6.pdf Graphic file (type pdf)
<C:/master/mstudy/analysis/long/plot-7-6.pdf>
File: C:/master/mstudy/analysis/long/plot-7-7.pdf Graphic file (type pdf)
<C:/master/mstudy/analysis/long/plot-7-7.pdf>

Overfull \hbox (24.71112pt too wide) in paragraph at lines 70--77
 [][]  []  [] 
 []


LaTeX Warning: Float too large for page by 16.81915pt on input line 80.

File: C:/master/mstudy/analysis/long/plot-7-8.pdf Graphic file (type pdf)
<C:/master/mstudy/analysis/long/plot-7-8.pdf>
File: C:/master/mstudy/analysis/long/plot-7-9.pdf Graphic file (type pdf)
<C:/master/mstudy/analysis/long/plot-7-9.pdf>
File: C:/master/mstudy/analysis/long/plot-7-10.pdf Graphic file (type pdf)
<C:/master/mstudy/analysis/long/plot-7-10.pdf>

Overfull \hbox (24.71112pt too wide) in paragraph at lines 85--91
 []  []  [] 
 []

File: C:/master/mstudy/analysis/long/plot-7-11.pdf Graphic file (type pdf)
<C:/master/mstudy/analysis/long/plot-7-11.pdf>
File: C:/master/mstudy/analysis/long/plot-7-12.pdf Graphic file (type pdf)
<C:/master/mstudy/analysis/long/plot-7-12.pdf>
File: C:/master/mstudy/analysis/long/plot-7-13.pdf Graphic file (type pdf)
<C:/master/mstudy/analysis/long/plot-7-13.pdf>

Overfull \hbox (24.71112pt too wide) in paragraph at lines 94--100
 [][]  []  [] 
 []

File: C:/master/mstudy/analysis/long/plot-7-14.pdf Graphic file (type pdf)
<C:/master/mstudy/analysis/long/plot-7-14.pdf>
File: C:/master/mstudy/analysis/long/plot-7-15.pdf Graphic file (type pdf)
<C:/master/mstudy/analysis/long/plot-7-15.pdf>
File: C:/master/mstudy/analysis/long/plot-7-16.pdf Graphic file (type pdf)
<C:/master/mstudy/analysis/long/plot-7-16.pdf>

Overfull \hbox (24.71112pt too wide) in paragraph at lines 103--109
 [][]  []  [] 
 []

File: C:/master/mstudy/analysis/long/plot-7-17.pdf Graphic file (type pdf)
<C:/master/mstudy/analysis/long/plot-7-17.pdf>
File: C:/master/mstudy/analysis/long/plot-7-18.pdf Graphic file (type pdf)
<C:/master/mstudy/analysis/long/plot-7-18.pdf>
File: C:/master/mstudy/analysis/long/plot-7-19.pdf Graphic file (type pdf)
<C:/master/mstudy/analysis/long/plot-7-19.pdf>

Overfull \hbox (24.71112pt too wide) in paragraph at lines 112--118
 [][]  []  [] 
 []

File: C:/master/mstudy/analysis/long/plot-7-20.pdf Graphic file (type pdf)
<C:/master/mstudy/analysis/long/plot-7-20.pdf>
File: C:/master/mstudy/analysis/long/plot-7-21.pdf Graphic file (type pdf)
<C:/master/mstudy/analysis/long/plot-7-21.pdf>
File: C:/master/mstudy/analysis/long/plot-7-22.pdf Graphic file (type pdf)
<C:/master/mstudy/analysis/long/plot-7-22.pdf>

Overfull \hbox (24.71112pt too wide) in paragraph at lines 121--128
 [][]  []  [] 
 []


LaTeX Warning: Float too large for page by 16.81915pt on input line 131.

[1

]
File: C:/master/mstudy/analysis/long/fft_6-23.pdf Graphic file (type pdf)
<C:/master/mstudy/analysis/long/fft_6-23.pdf>
File: C:/master/mstudy/analysis/long/fft_6-24.pdf Graphic file (type pdf)
<C:/master/mstudy/analysis/long/fft_6-24.pdf>
File: C:/master/mstudy/analysis/long/fft_6-25.pdf Graphic file (type pdf)
<C:/master/mstudy/analysis/long/fft_6-25.pdf>

Overfull \hbox (24.71112pt too wide) in paragraph at lines 152--159
 []  []  [] 
 []

File: C:/master/mstudy/analysis/long/low_6-23.pdf Graphic file (type pdf)
<C:/master/mstudy/analysis/long/low_6-23.pdf>
File: C:/master/mstudy/analysis/long/low_6-24.pdf Graphic file (type pdf)
<C:/master/mstudy/analysis/long/low_6-24.pdf>

Overfull \hbox (17.77774pt too wide) in paragraph at lines 168--171
 []  [] 
 []

File: C:/master/mstudy/analysis/long/low_6-25.pdf Graphic file (type pdf)
<C:/master/mstudy/analysis/long/low_6-25.pdf>
File: C:/master/mstudy/analysis/long/fft_low_6-23.pdf Graphic file (type pdf)
<C:/master/mstudy/analysis/long/fft_low_6-23.pdf>
File: C:/master/mstudy/analysis/long/fft_low_6-24.pdf Graphic file (type pdf)
<C:/master/mstudy/analysis/long/fft_low_6-24.pdf>
File: C:/master/mstudy/analysis/long/fft_low_6-25.pdf Graphic file (type pdf)
<C:/master/mstudy/analysis/long/fft_low_6-25.pdf>

Overfull \hbox (24.71112pt too wide) in paragraph at lines 183--190
 []  []  [] 
 []

File: C:/master/mstudy/analysis/sequence/10ms/01_00.pdf Graphic file (type pdf)

<C:/master/mstudy/analysis/sequence/10ms/01_00.pdf>
File: C:/master/mstudy/analysis/sequence/10ms/01_33.pdf Graphic file (type pdf)

<C:/master/mstudy/analysis/sequence/10ms/01_33.pdf>
File: C:/master/mstudy/analysis/sequence/10ms/03_32.pdf Graphic file (type pdf)

<C:/master/mstudy/analysis/sequence/10ms/03_32.pdf>

Overfull \hbox (24.71112pt too wide) in paragraph at lines 201--208
 []  []  [] 
 []

[2] [3] [4] [5] [6] (./2020-08-04.aux) ) 
Here is how much of TeX's memory you used:
 1319 strings out of 493230
 19094 string characters out of 6147555
 89642 words of memory out of 5000000
 5297 multiletter control sequences out of 15000+600000
 10102 words of font info for 41 fonts, out of 8000000 for 9000
 929 hyphenation exceptions out of 8191
 25i,5n,27p,879b,359s stack positions out of 5000i,500n,10000p,200000b,80000s

Output written on 2020-08-04.dvi (6 pages, 17196 bytes).
