This is e-pTeX, Version 3.14159265-p3.8.2-190131-2.6 (utf8.sjis) (TeX Live 2019/W32TeX) (preloaded format=platex 2019.6.28)  4 MAR 2020 12:26
entering extended mode
 restricted \write18 enabled.
 %&-line parsing enabled.
**2020-03-04.tex
(./2020-03-04.tex
pLaTeX2e <2019-04-06> (based on LaTeX2e <2018-12-01>)
(c:/texlive/2019/texmf-dist/tex/platex/base/jarticle.cls
Document Class: jarticle 2019/04/02 v1.8b Standard pLaTeX class
\c@@paper=\count83
(c:/texlive/2019/texmf-dist/tex/platex/base/jsize10.clo
File: jsize10.clo 2019/04/02 v1.8b Standard pLaTeX file (size option)
)
\c@part=\count84
\c@section=\count85
\c@subsection=\count86
\c@subsubsection=\count87
\c@paragraph=\count88
\c@subparagraph=\count89
\c@figure=\count90
\c@table=\count91
\abovecaptionskip=\skip41
\belowcaptionskip=\skip42
\symmincho=\mathgroup4
LaTeX Font Info:    Overwriting symbol font `mincho' in version `bold'
(Font)                  JY1/mc/m/n --> JY1/gt/m/n on input line 614.
\toclineskip=\dimen118
\@lnumwidth=\dimen119
\bibindent=\dimen120
\heisei=\count92
)
(c:/texlive/2019/texmf-dist/tex/latex/amsfonts/amssymb.sty
Package: amssymb 2013/01/14 v3.01 AMS font symbols

(c:/texlive/2019/texmf-dist/tex/latex/amsfonts/amsfonts.sty
Package: amsfonts 2013/01/14 v3.01 Basic AMSFonts support
\@emptytoks=\toks15
\symAMSa=\mathgroup5
\symAMSb=\mathgroup6
LaTeX Font Info:    Overwriting math alphabet `\mathfrak' in version `bold'
(Font)                  U/euf/m/n --> U/euf/b/n on input line 106.
))
(c:/texlive/2019/texmf-dist/tex/latex/graphics/graphicx.sty
Package: graphicx 2017/06/01 v1.1a Enhanced LaTeX Graphics (DPC,SPQR)

(c:/texlive/2019/texmf-dist/tex/latex/graphics/keyval.sty
Package: keyval 2014/10/28 v1.15 key=value parser (DPC)
\KV@toks@=\toks16
)
(c:/texlive/2019/texmf-dist/tex/latex/graphics/graphics.sty
Package: graphics 2017/06/25 v1.2c Standard LaTeX Graphics (DPC,SPQR)

(c:/texlive/2019/texmf-dist/tex/latex/graphics/trig.sty
Package: trig 2016/01/03 v1.10 sin cos tan (DPC)
)
(c:/texlive/2019/texmf-dist/tex/latex/graphics-cfg/graphics.cfg
File: graphics.cfg 2016/06/04 v1.11 sample graphics configuration
)
Package graphics Info: Driver file: dvipdfmx.def on input line 99.

(c:/texlive/2019/texmf-dist/tex/latex/graphics-def/dvipdfmx.def
File: dvipdfmx.def 2017/06/24 v5.0g Graphics/color driver for dvipdfmx
))
\Gin@req@height=\dimen121
\Gin@req@width=\dimen122
)
(c:/texlive/2019/texmf-dist/tex/latex/subfigure/subfigure.sty
Package: subfigure 2002/03/15 v2.1.5 subfigure package
\subfigtopskip=\skip43
\subfigcapskip=\skip44
\subfigcaptopadj=\dimen123
\subfigbottomskip=\skip45
\subfigcapmargin=\dimen124
\subfiglabelskip=\skip46
\c@subfigure=\count93
\c@lofdepth=\count94
\c@subtable=\count95
\c@lotdepth=\count96

****************************************
* Local config file subfigure.cfg used *
****************************************
(c:/texlive/2019/texmf-dist/tex/latex/subfigure/subfigure.cfg)
\subfig@top=\skip47
\subfig@bottom=\skip48
)
(c:/texlive/2019/texmf-dist/tex/latex/here/here.sty)
(c:/texlive/2019/texmf-dist/tex/latex/float/float.sty
Package: float 2001/11/08 v1.3d Float enhancements (AL)
\c@float@type=\count97
\float@exts=\toks17
\float@box=\box43
\@float@everytoks=\toks18
\@floatcapt=\box44
) (./2020-03-04.aux)
\openout1 = `2020-03-04.aux'.

LaTeX Font Info:    Checking defaults for OML/cmm/m/it on input line 8.
LaTeX Font Info:    ... okay on input line 8.
LaTeX Font Info:    Checking defaults for T1/cmr/m/n on input line 8.
LaTeX Font Info:    ... okay on input line 8.
LaTeX Font Info:    Checking defaults for OT1/cmr/m/n on input line 8.
LaTeX Font Info:    ... okay on input line 8.
LaTeX Font Info:    Checking defaults for OMS/cmsy/m/n on input line 8.
LaTeX Font Info:    ... okay on input line 8.
LaTeX Font Info:    Checking defaults for OMX/cmex/m/n on input line 8.
LaTeX Font Info:    ... okay on input line 8.
LaTeX Font Info:    Checking defaults for U/cmr/m/n on input line 8.
LaTeX Font Info:    ... okay on input line 8.
LaTeX Font Info:    Checking defaults for JY1/mc/m/n on input line 8.
LaTeX Font Info:    ... okay on input line 8.
LaTeX Font Info:    Checking defaults for JT1/mc/m/n on input line 8.
LaTeX Font Info:    ... okay on input line 8.
LaTeX Font Info:    Font shape `JT1/mc/bx/n' in size <14.4> not available
(Font)              Font shape `JT1/gt/m/n' tried instead on input line 19.
LaTeX Font Info:    Font shape `JY1/mc/bx/n' in size <14.4> not available
(Font)              Font shape `JY1/gt/m/n' tried instead on input line 19.
LaTeX Font Info:    Try loading font information for OMS+cmr on input line 21.

(c:/texlive/2019/texmf-dist/tex/latex/base/omscmr.fd
File: omscmr.fd 2014/09/29 v2.5h Standard LaTeX font definitions
)
LaTeX Font Info:    Font shape `OMS/cmr/m/n' in size <10> not available
(Font)              Font shape `OMS/cmsy/m/n' tried instead on input line 21.
LaTeX Font Info:    Font shape `JT1/mc/bx/n' in size <10> not available
(Font)              Font shape `JT1/gt/m/n' tried instead on input line 31.
LaTeX Font Info:    Font shape `JY1/mc/bx/n' in size <10> not available
(Font)              Font shape `JY1/gt/m/n' tried instead on input line 31.
LaTeX Font Info:    Try loading font information for U+msa on input line 36.

(c:/texlive/2019/texmf-dist/tex/latex/amsfonts/umsa.fd
File: umsa.fd 2013/01/14 v3.01 AMS symbols A
)
LaTeX Font Info:    Try loading font information for U+msb on input line 36.

(c:/texlive/2019/texmf-dist/tex/latex/amsfonts/umsb.fd
File: umsb.fd 2013/01/14 v3.01 AMS symbols B
)
File: C:/master/mstudy/analysis/plot/aws.amazon.com/20200222_030001-plot.pdf Gr
aphic file (type pdf)
<C:/master/mstudy/analysis/plot/aws.amazon.com/20200222_030001-plot.pdf>
File: C:/master/mstudy/analysis/plot/aws.amazon.com/20200222_070002-plot.pdf Gr
aphic file (type pdf)
<C:/master/mstudy/analysis/plot/aws.amazon.com/20200222_070002-plot.pdf>
File: C:/master/mstudy/analysis/plot/aws.amazon.com/20200222_120001-plot.pdf Gr
aphic file (type pdf)
<C:/master/mstudy/analysis/plot/aws.amazon.com/20200222_120001-plot.pdf>
File: C:/master/mstudy/analysis/plot/aws.amazon.com/20200222_170002-plot.pdf Gr
aphic file (type pdf)
<C:/master/mstudy/analysis/plot/aws.amazon.com/20200222_170002-plot.pdf>
File: C:/master/mstudy/analysis/plot/aws.amazon.com/20200222_200001-plot.pdf Gr
aphic file (type pdf)
<C:/master/mstudy/analysis/plot/aws.amazon.com/20200222_200001-plot.pdf>
File: C:/master/mstudy/analysis/plot/news.yahoo.co.jp/20200222_030002-plot.pdf 
Graphic file (type pdf)
<C:/master/mstudy/analysis/plot/news.yahoo.co.jp/20200222_030002-plot.pdf>
File: C:/master/mstudy/analysis/plot/news.yahoo.co.jp/20200222_070001-plot.pdf 
Graphic file (type pdf)
<C:/master/mstudy/analysis/plot/news.yahoo.co.jp/20200222_070001-plot.pdf>
File: C:/master/mstudy/analysis/plot/news.yahoo.co.jp/20200222_120001-plot.pdf 
Graphic file (type pdf)
<C:/master/mstudy/analysis/plot/news.yahoo.co.jp/20200222_120001-plot.pdf>
File: C:/master/mstudy/analysis/plot/news.yahoo.co.jp/20200222_170002-plot.pdf 
Graphic file (type pdf)
<C:/master/mstudy/analysis/plot/news.yahoo.co.jp/20200222_170002-plot.pdf>
File: C:/master/mstudy/analysis/plot/news.yahoo.co.jp/20200222_200001-plot.pdf 
Graphic file (type pdf)
<C:/master/mstudy/analysis/plot/news.yahoo.co.jp/20200222_200001-plot.pdf>


LaTeX Warning: Float too large for page by 19.14984pt on input line 77.

File: C:/master/mstudy/analysis/plot/aws.amazon.com/20200223_030001-plot.pdf Gr
aphic file (type pdf)
<C:/master/mstudy/analysis/plot/aws.amazon.com/20200223_030001-plot.pdf>
File: C:/master/mstudy/analysis/plot/aws.amazon.com/20200223_070001-plot.pdf Gr
aphic file (type pdf)
<C:/master/mstudy/analysis/plot/aws.amazon.com/20200223_070001-plot.pdf>
File: C:/master/mstudy/analysis/plot/aws.amazon.com/20200223_120001-plot.pdf Gr
aphic file (type pdf)
<C:/master/mstudy/analysis/plot/aws.amazon.com/20200223_120001-plot.pdf>
File: C:/master/mstudy/analysis/plot/aws.amazon.com/20200223_170001-plot.pdf Gr
aphic file (type pdf)
<C:/master/mstudy/analysis/plot/aws.amazon.com/20200223_170001-plot.pdf>
File: C:/master/mstudy/analysis/plot/aws.amazon.com/20200223_200001-plot.pdf Gr
aphic file (type pdf)
<C:/master/mstudy/analysis/plot/aws.amazon.com/20200223_200001-plot.pdf>
File: C:/master/mstudy/analysis/plot/news.yahoo.co.jp/20200223_030001-plot.pdf 
Graphic file (type pdf)
<C:/master/mstudy/analysis/plot/news.yahoo.co.jp/20200223_030001-plot.pdf>
File: C:/master/mstudy/analysis/plot/news.yahoo.co.jp/20200223_070002-plot.pdf 
Graphic file (type pdf)
<C:/master/mstudy/analysis/plot/news.yahoo.co.jp/20200223_070002-plot.pdf>
File: C:/master/mstudy/analysis/plot/news.yahoo.co.jp/20200223_120001-plot.pdf 
Graphic file (type pdf)
<C:/master/mstudy/analysis/plot/news.yahoo.co.jp/20200223_120001-plot.pdf>
File: C:/master/mstudy/analysis/plot/news.yahoo.co.jp/20200223_170001-plot.pdf 
Graphic file (type pdf)
<C:/master/mstudy/analysis/plot/news.yahoo.co.jp/20200223_170001-plot.pdf>
File: C:/master/mstudy/analysis/plot/news.yahoo.co.jp/20200223_200001-plot.pdf 
Graphic file (type pdf)
<C:/master/mstudy/analysis/plot/news.yahoo.co.jp/20200223_200001-plot.pdf>

LaTeX Warning: Float too large for page by 19.14984pt on input line 115.

File: C:/master/mstudy/analysis/plot/aws.amazon.com/20200224_030001-plot.pdf Gr
aphic file (type pdf)
<C:/master/mstudy/analysis/plot/aws.amazon.com/20200224_030001-plot.pdf>
File: C:/master/mstudy/analysis/plot/aws.amazon.com/20200224_070001-plot.pdf Gr
aphic file (type pdf)
<C:/master/mstudy/analysis/plot/aws.amazon.com/20200224_070001-plot.pdf>
File: C:/master/mstudy/analysis/plot/aws.amazon.com/20200224_120001-plot.pdf Gr
aphic file (type pdf)
<C:/master/mstudy/analysis/plot/aws.amazon.com/20200224_120001-plot.pdf>
File: C:/master/mstudy/analysis/plot/aws.amazon.com/20200224_170001-plot.pdf Gr
aphic file (type pdf)
<C:/master/mstudy/analysis/plot/aws.amazon.com/20200224_170001-plot.pdf>
File: C:/master/mstudy/analysis/plot/aws.amazon.com/20200224_200001-plot.pdf Gr
aphic file (type pdf)
<C:/master/mstudy/analysis/plot/aws.amazon.com/20200224_200001-plot.pdf>
File: C:/master/mstudy/analysis/plot/news.yahoo.co.jp/20200224_030001-plot.pdf 
Graphic file (type pdf)
<C:/master/mstudy/analysis/plot/news.yahoo.co.jp/20200224_030001-plot.pdf>
File: C:/master/mstudy/analysis/plot/news.yahoo.co.jp/20200224_070001-plot.pdf 
Graphic file (type pdf)
<C:/master/mstudy/analysis/plot/news.yahoo.co.jp/20200224_070001-plot.pdf>
File: C:/master/mstudy/analysis/plot/news.yahoo.co.jp/20200224_120001-plot.pdf 
Graphic file (type pdf)
<C:/master/mstudy/analysis/plot/news.yahoo.co.jp/20200224_120001-plot.pdf>
File: C:/master/mstudy/analysis/plot/news.yahoo.co.jp/20200224_170001-plot.pdf 
Graphic file (type pdf)
<C:/master/mstudy/analysis/plot/news.yahoo.co.jp/20200224_170001-plot.pdf>
File: C:/master/mstudy/analysis/plot/news.yahoo.co.jp/20200224_200001-plot.pdf 
Graphic file (type pdf)
<C:/master/mstudy/analysis/plot/news.yahoo.co.jp/20200224_200001-plot.pdf>

LaTeX Warning: Float too large for page by 19.14984pt on input line 154.

File: C:/master/mstudy/analysis/plot/aws.amazon.com/20200225_030001-plot.pdf Gr
aphic file (type pdf)
<C:/master/mstudy/analysis/plot/aws.amazon.com/20200225_030001-plot.pdf>
File: C:/master/mstudy/analysis/plot/aws.amazon.com/20200225_070001-plot.pdf Gr
aphic file (type pdf)
<C:/master/mstudy/analysis/plot/aws.amazon.com/20200225_070001-plot.pdf>
File: C:/master/mstudy/analysis/plot/aws.amazon.com/20200225_120001-plot.pdf Gr
aphic file (type pdf)
<C:/master/mstudy/analysis/plot/aws.amazon.com/20200225_120001-plot.pdf>
File: C:/master/mstudy/analysis/plot/aws.amazon.com/20200225_170002-plot.pdf Gr
aphic file (type pdf)
<C:/master/mstudy/analysis/plot/aws.amazon.com/20200225_170002-plot.pdf>
File: C:/master/mstudy/analysis/plot/aws.amazon.com/20200225_200001-plot.pdf Gr
aphic file (type pdf)
<C:/master/mstudy/analysis/plot/aws.amazon.com/20200225_200001-plot.pdf>
File: C:/master/mstudy/analysis/plot/news.yahoo.co.jp/20200225_030002-plot.pdf 
Graphic file (type pdf)
<C:/master/mstudy/analysis/plot/news.yahoo.co.jp/20200225_030002-plot.pdf>
File: C:/master/mstudy/analysis/plot/news.yahoo.co.jp/20200225_070001-plot.pdf 
Graphic file (type pdf)
<C:/master/mstudy/analysis/plot/news.yahoo.co.jp/20200225_070001-plot.pdf>
File: C:/master/mstudy/analysis/plot/news.yahoo.co.jp/20200225_120001-plot.pdf 
Graphic file (type pdf)
<C:/master/mstudy/analysis/plot/news.yahoo.co.jp/20200225_120001-plot.pdf>
File: C:/master/mstudy/analysis/plot/news.yahoo.co.jp/20200225_170001-plot.pdf 
Graphic file (type pdf)
<C:/master/mstudy/analysis/plot/news.yahoo.co.jp/20200225_170001-plot.pdf>
File: C:/master/mstudy/analysis/plot/news.yahoo.co.jp/20200225_200001-plot.pdf 
Graphic file (type pdf)
<C:/master/mstudy/analysis/plot/news.yahoo.co.jp/20200225_200001-plot.pdf>

LaTeX Warning: Float too large for page by 19.14984pt on input line 193.

File: C:/master/mstudy/analysis/plot/aws.amazon.com/20200226_030001-plot.pdf Gr
aphic file (type pdf)
<C:/master/mstudy/analysis/plot/aws.amazon.com/20200226_030001-plot.pdf>
File: C:/master/mstudy/analysis/plot/aws.amazon.com/20200226_070001-plot.pdf Gr
aphic file (type pdf)
<C:/master/mstudy/analysis/plot/aws.amazon.com/20200226_070001-plot.pdf>
File: C:/master/mstudy/analysis/plot/aws.amazon.com/20200226_120001-plot.pdf Gr
aphic file (type pdf)
<C:/master/mstudy/analysis/plot/aws.amazon.com/20200226_120001-plot.pdf>
File: C:/master/mstudy/analysis/plot/aws.amazon.com/20200226_170001-plot.pdf Gr
aphic file (type pdf)
<C:/master/mstudy/analysis/plot/aws.amazon.com/20200226_170001-plot.pdf>
File: C:/master/mstudy/analysis/plot/aws.amazon.com/20200226_200001-plot.pdf Gr
aphic file (type pdf)
<C:/master/mstudy/analysis/plot/aws.amazon.com/20200226_200001-plot.pdf>
File: C:/master/mstudy/analysis/plot/news.yahoo.co.jp/20200226_030001-plot.pdf 
Graphic file (type pdf)
<C:/master/mstudy/analysis/plot/news.yahoo.co.jp/20200226_030001-plot.pdf>
File: C:/master/mstudy/analysis/plot/news.yahoo.co.jp/20200226_070002-plot.pdf 
Graphic file (type pdf)
<C:/master/mstudy/analysis/plot/news.yahoo.co.jp/20200226_070002-plot.pdf>
File: C:/master/mstudy/analysis/plot/news.yahoo.co.jp/20200226_120001-plot.pdf 
Graphic file (type pdf)
<C:/master/mstudy/analysis/plot/news.yahoo.co.jp/20200226_120001-plot.pdf>
File: C:/master/mstudy/analysis/plot/news.yahoo.co.jp/20200226_170001-plot.pdf 
Graphic file (type pdf)
<C:/master/mstudy/analysis/plot/news.yahoo.co.jp/20200226_170001-plot.pdf>
File: C:/master/mstudy/analysis/plot/news.yahoo.co.jp/20200226_200001-plot.pdf 
Graphic file (type pdf)
<C:/master/mstudy/analysis/plot/news.yahoo.co.jp/20200226_200001-plot.pdf>

LaTeX Warning: Float too large for page by 19.14984pt on input line 231.

File: C:/master/mstudy/analysis/plot/aws.amazon.com/20200227_030001-plot.pdf Gr
aphic file (type pdf)
<C:/master/mstudy/analysis/plot/aws.amazon.com/20200227_030001-plot.pdf>
File: C:/master/mstudy/analysis/plot/aws.amazon.com/20200227_070001-plot.pdf Gr
aphic file (type pdf)
<C:/master/mstudy/analysis/plot/aws.amazon.com/20200227_070001-plot.pdf>
File: C:/master/mstudy/analysis/plot/aws.amazon.com/20200227_120001-plot.pdf Gr
aphic file (type pdf)
<C:/master/mstudy/analysis/plot/aws.amazon.com/20200227_120001-plot.pdf>
File: C:/master/mstudy/analysis/plot/aws.amazon.com/20200227_170001-plot.pdf Gr
aphic file (type pdf)
<C:/master/mstudy/analysis/plot/aws.amazon.com/20200227_170001-plot.pdf>
File: C:/master/mstudy/analysis/plot/aws.amazon.com/20200227_200001-plot.pdf Gr
aphic file (type pdf)
<C:/master/mstudy/analysis/plot/aws.amazon.com/20200227_200001-plot.pdf>
File: C:/master/mstudy/analysis/plot/news.yahoo.co.jp/20200227_030001-plot.pdf 
Graphic file (type pdf)
<C:/master/mstudy/analysis/plot/news.yahoo.co.jp/20200227_030001-plot.pdf>
File: C:/master/mstudy/analysis/plot/news.yahoo.co.jp/20200227_070001-plot.pdf 
Graphic file (type pdf)
<C:/master/mstudy/analysis/plot/news.yahoo.co.jp/20200227_070001-plot.pdf>
File: C:/master/mstudy/analysis/plot/news.yahoo.co.jp/20200227_120001-plot.pdf 
Graphic file (type pdf)
<C:/master/mstudy/analysis/plot/news.yahoo.co.jp/20200227_120001-plot.pdf>
File: C:/master/mstudy/analysis/plot/news.yahoo.co.jp/20200227_170001-plot.pdf 
Graphic file (type pdf)
<C:/master/mstudy/analysis/plot/news.yahoo.co.jp/20200227_170001-plot.pdf>
File: C:/master/mstudy/analysis/plot/news.yahoo.co.jp/20200227_200001-plot.pdf 
Graphic file (type pdf)
<C:/master/mstudy/analysis/plot/news.yahoo.co.jp/20200227_200001-plot.pdf>

LaTeX Warning: Float too large for page by 19.14984pt on input line 269.

File: C:/master/mstudy/analysis/plot/aws.amazon.com/20200228_030002-plot.pdf Gr
aphic file (type pdf)
<C:/master/mstudy/analysis/plot/aws.amazon.com/20200228_030002-plot.pdf>
File: C:/master/mstudy/analysis/plot/aws.amazon.com/20200228_070001-plot.pdf Gr
aphic file (type pdf)
<C:/master/mstudy/analysis/plot/aws.amazon.com/20200228_070001-plot.pdf>
File: C:/master/mstudy/analysis/plot/aws.amazon.com/20200228_120001-plot.pdf Gr
aphic file (type pdf)
<C:/master/mstudy/analysis/plot/aws.amazon.com/20200228_120001-plot.pdf>
File: C:/master/mstudy/analysis/plot/aws.amazon.com/20200228_170002-plot.pdf Gr
aphic file (type pdf)
<C:/master/mstudy/analysis/plot/aws.amazon.com/20200228_170002-plot.pdf>
File: C:/master/mstudy/analysis/plot/aws.amazon.com/20200228_200002-plot.pdf Gr
aphic file (type pdf)
<C:/master/mstudy/analysis/plot/aws.amazon.com/20200228_200002-plot.pdf>
File: C:/master/mstudy/analysis/plot/news.yahoo.co.jp/20200228_030001-plot.pdf 
Graphic file (type pdf)
<C:/master/mstudy/analysis/plot/news.yahoo.co.jp/20200228_030001-plot.pdf>
File: C:/master/mstudy/analysis/plot/news.yahoo.co.jp/20200228_070002-plot.pdf 
Graphic file (type pdf)
<C:/master/mstudy/analysis/plot/news.yahoo.co.jp/20200228_070002-plot.pdf>
File: C:/master/mstudy/analysis/plot/news.yahoo.co.jp/20200228_120001-plot.pdf 
Graphic file (type pdf)
<C:/master/mstudy/analysis/plot/news.yahoo.co.jp/20200228_120001-plot.pdf>
File: C:/master/mstudy/analysis/plot/news.yahoo.co.jp/20200228_170001-plot.pdf 
Graphic file (type pdf)
<C:/master/mstudy/analysis/plot/news.yahoo.co.jp/20200228_170001-plot.pdf>
File: C:/master/mstudy/analysis/plot/news.yahoo.co.jp/20200228_200001-plot.pdf 
Graphic file (type pdf)
<C:/master/mstudy/analysis/plot/news.yahoo.co.jp/20200228_200001-plot.pdf>

LaTeX Warning: Float too large for page by 19.14984pt on input line 307.

File: C:/master/mstudy/analysis/plot/AWS/20200229_030001-plot.pdf Graphic file 
(type pdf)
<C:/master/mstudy/analysis/plot/AWS/20200229_030001-plot.pdf>
File: C:/master/mstudy/analysis/plot/AWS/20200229_070001-plot.pdf Graphic file 
(type pdf)
<C:/master/mstudy/analysis/plot/AWS/20200229_070001-plot.pdf>
File: C:/master/mstudy/analysis/plot/AWS/20200229_120001-plot.pdf Graphic file 
(type pdf)
<C:/master/mstudy/analysis/plot/AWS/20200229_120001-plot.pdf>
File: C:/master/mstudy/analysis/plot/AWS/20200229_170002-plot.pdf Graphic file 
(type pdf)
<C:/master/mstudy/analysis/plot/AWS/20200229_170002-plot.pdf>
File: C:/master/mstudy/analysis/plot/AWS/20200229_200001-plot.pdf Graphic file 
(type pdf)
<C:/master/mstudy/analysis/plot/AWS/20200229_200001-plot.pdf>
File: C:/master/mstudy/analysis/plot/news.yahoo.co.jp/20200229_030001-plot.pdf 
Graphic file (type pdf)
<C:/master/mstudy/analysis/plot/news.yahoo.co.jp/20200229_030001-plot.pdf>
File: C:/master/mstudy/analysis/plot/news.yahoo.co.jp/20200229_070001-plot.pdf 
Graphic file (type pdf)
<C:/master/mstudy/analysis/plot/news.yahoo.co.jp/20200229_070001-plot.pdf>
File: C:/master/mstudy/analysis/plot/news.yahoo.co.jp/20200229_120002-plot.pdf 
Graphic file (type pdf)
<C:/master/mstudy/analysis/plot/news.yahoo.co.jp/20200229_120002-plot.pdf>
File: C:/master/mstudy/analysis/plot/news.yahoo.co.jp/20200229_170001-plot.pdf 
Graphic file (type pdf)
<C:/master/mstudy/analysis/plot/news.yahoo.co.jp/20200229_170001-plot.pdf>
File: C:/master/mstudy/analysis/plot/news.yahoo.co.jp/20200229_200001-plot.pdf 
Graphic file (type pdf)
<C:/master/mstudy/analysis/plot/news.yahoo.co.jp/20200229_200001-plot.pdf>

LaTeX Warning: Float too large for page by 19.14984pt on input line 345.

File: C:/master/mstudy/analysis/plot/AWS/20200301_030001-plot.pdf Graphic file 
(type pdf)
<C:/master/mstudy/analysis/plot/AWS/20200301_030001-plot.pdf>
File: C:/master/mstudy/analysis/plot/AWS/20200301_070002-plot.pdf Graphic file 
(type pdf)
<C:/master/mstudy/analysis/plot/AWS/20200301_070002-plot.pdf>
File: C:/master/mstudy/analysis/plot/AWS/20200301_120001-plot.pdf Graphic file 
(type pdf)
<C:/master/mstudy/analysis/plot/AWS/20200301_120001-plot.pdf>
File: C:/master/mstudy/analysis/plot/AWS/20200301_170001-plot.pdf Graphic file 
(type pdf)
<C:/master/mstudy/analysis/plot/AWS/20200301_170001-plot.pdf>
File: C:/master/mstudy/analysis/plot/AWS/20200301_200001-plot.pdf Graphic file 
(type pdf)
<C:/master/mstudy/analysis/plot/AWS/20200301_200001-plot.pdf>
File: C:/master/mstudy/analysis/plot/news.yahoo.co.jp/20200301_030001-plot.pdf 
Graphic file (type pdf)
<C:/master/mstudy/analysis/plot/news.yahoo.co.jp/20200301_030001-plot.pdf>
File: C:/master/mstudy/analysis/plot/news.yahoo.co.jp/20200301_070001-plot.pdf 
Graphic file (type pdf)
<C:/master/mstudy/analysis/plot/news.yahoo.co.jp/20200301_070001-plot.pdf>
File: C:/master/mstudy/analysis/plot/news.yahoo.co.jp/20200301_120001-plot.pdf 
Graphic file (type pdf)
<C:/master/mstudy/analysis/plot/news.yahoo.co.jp/20200301_120001-plot.pdf>
File: C:/master/mstudy/analysis/plot/news.yahoo.co.jp/20200301_170002-plot.pdf 
Graphic file (type pdf)
<C:/master/mstudy/analysis/plot/news.yahoo.co.jp/20200301_170002-plot.pdf>
File: C:/master/mstudy/analysis/plot/news.yahoo.co.jp/20200301_200001-plot.pdf 
Graphic file (type pdf)
<C:/master/mstudy/analysis/plot/news.yahoo.co.jp/20200301_200001-plot.pdf>

LaTeX Warning: Float too large for page by 19.14984pt on input line 383.

File: C:/master/mstudy/analysis/plot/AWS/20200302_030001-plot.pdf Graphic file 
(type pdf)
<C:/master/mstudy/analysis/plot/AWS/20200302_030001-plot.pdf>
File: C:/master/mstudy/analysis/plot/AWS/20200302_070001-plot.pdf Graphic file 
(type pdf)
<C:/master/mstudy/analysis/plot/AWS/20200302_070001-plot.pdf>
File: C:/master/mstudy/analysis/plot/AWS/20200302_120002-plot.pdf Graphic file 
(type pdf)
<C:/master/mstudy/analysis/plot/AWS/20200302_120002-plot.pdf>
File: C:/master/mstudy/analysis/plot/AWS/20200302_170001-plot.pdf Graphic file 
(type pdf)
<C:/master/mstudy/analysis/plot/AWS/20200302_170001-plot.pdf>
File: C:/master/mstudy/analysis/plot/AWS/20200302_200001-plot.pdf Graphic file 
(type pdf)
<C:/master/mstudy/analysis/plot/AWS/20200302_200001-plot.pdf>
File: C:/master/mstudy/analysis/plot/news.yahoo.co.jp/20200302_030001-plot.pdf 
Graphic file (type pdf)
<C:/master/mstudy/analysis/plot/news.yahoo.co.jp/20200302_030001-plot.pdf>
File: C:/master/mstudy/analysis/plot/news.yahoo.co.jp/20200302_070001-plot.pdf 
Graphic file (type pdf)
<C:/master/mstudy/analysis/plot/news.yahoo.co.jp/20200302_070001-plot.pdf>
File: C:/master/mstudy/analysis/plot/news.yahoo.co.jp/20200302_120001-plot.pdf 
Graphic file (type pdf)
<C:/master/mstudy/analysis/plot/news.yahoo.co.jp/20200302_120001-plot.pdf>
File: C:/master/mstudy/analysis/plot/news.yahoo.co.jp/20200302_170001-plot.pdf 
Graphic file (type pdf)
<C:/master/mstudy/analysis/plot/news.yahoo.co.jp/20200302_170001-plot.pdf>
File: C:/master/mstudy/analysis/plot/news.yahoo.co.jp/20200302_200001-plot.pdf 
Graphic file (type pdf)
<C:/master/mstudy/analysis/plot/news.yahoo.co.jp/20200302_200001-plot.pdf>

LaTeX Warning: Float too large for page by 19.14984pt on input line 421.

File: C:/master/mstudy/analysis/plot/AWS/20200303_030001-plot.pdf Graphic file 
(type pdf)
<C:/master/mstudy/analysis/plot/AWS/20200303_030001-plot.pdf>
File: C:/master/mstudy/analysis/plot/AWS/20200303_070001-plot.pdf Graphic file 
(type pdf)
<C:/master/mstudy/analysis/plot/AWS/20200303_070001-plot.pdf>
File: C:/master/mstudy/analysis/plot/AWS/20200303_120001-plot.pdf Graphic file 
(type pdf)
<C:/master/mstudy/analysis/plot/AWS/20200303_120001-plot.pdf>
File: C:/master/mstudy/analysis/plot/AWS/20200303_170001-plot.pdf Graphic file 
(type pdf)
<C:/master/mstudy/analysis/plot/AWS/20200303_170001-plot.pdf>
File: C:/master/mstudy/analysis/plot/AWS/20200303_200001-plot.pdf Graphic file 
(type pdf)
<C:/master/mstudy/analysis/plot/AWS/20200303_200001-plot.pdf>
File: C:/master/mstudy/analysis/plot/news.yahoo.co.jp/20200303_030001-plot.pdf 
Graphic file (type pdf)
<C:/master/mstudy/analysis/plot/news.yahoo.co.jp/20200303_030001-plot.pdf>
File: C:/master/mstudy/analysis/plot/news.yahoo.co.jp/20200303_070001-plot.pdf 
Graphic file (type pdf)
<C:/master/mstudy/analysis/plot/news.yahoo.co.jp/20200303_070001-plot.pdf>
File: C:/master/mstudy/analysis/plot/news.yahoo.co.jp/20200303_120001-plot.pdf 
Graphic file (type pdf)
<C:/master/mstudy/analysis/plot/news.yahoo.co.jp/20200303_120001-plot.pdf>
File: C:/master/mstudy/analysis/plot/news.yahoo.co.jp/20200303_170001-plot.pdf 
Graphic file (type pdf)
<C:/master/mstudy/analysis/plot/news.yahoo.co.jp/20200303_170001-plot.pdf>
File: C:/master/mstudy/analysis/plot/news.yahoo.co.jp/20200303_200002-plot.pdf 
Graphic file (type pdf)
<C:/master/mstudy/analysis/plot/news.yahoo.co.jp/20200303_200002-plot.pdf>

LaTeX Warning: Float too large for page by 19.14984pt on input line 461.

[1

] [2] [3] [4] [5] [6] [7] [8] [9] [10] [11] [12] [13] [14] [15] [16]
(./2020-03-04.aux) ) 
Here is how much of TeX's memory you used:
 1492 strings out of 493230
 33308 string characters out of 6147555
 123335 words of memory out of 5000000
 5421 multiletter control sequences out of 15000+600000
 12109 words of font info for 50 fonts, out of 8000000 for 9000
 929 hyphenation exceptions out of 8191
 25i,8n,27p,267b,366s stack positions out of 5000i,500n,10000p,200000b,80000s

Output written on 2020-03-04.dvi (16 pages, 34292 bytes).
