This is e-pTeX, Version 3.14159265-p3.8.2-190131-2.6 (utf8.sjis) (TeX Live 2019/W32TeX) (preloaded format=platex 2019.6.28)  2 JUL 2020 21:11
entering extended mode
 restricted \write18 enabled.
 %&-line parsing enabled.
**進捗報告.tex
(./進捗報告.tex
pLaTeX2e <2019-04-06> (based on LaTeX2e <2018-12-01>)
(c:/texlive/2019/texmf-dist/tex/platex/base/jarticle.cls
Document Class: jarticle 2019/04/02 v1.8b Standard pLaTeX class
\c@@paper=\count83
(c:/texlive/2019/texmf-dist/tex/platex/base/jsize10.clo
File: jsize10.clo 2019/04/02 v1.8b Standard pLaTeX file (size option)
)
\c@part=\count84
\c@section=\count85
\c@subsection=\count86
\c@subsubsection=\count87
\c@paragraph=\count88
\c@subparagraph=\count89
\c@figure=\count90
\c@table=\count91
\abovecaptionskip=\skip41
\belowcaptionskip=\skip42
\symmincho=\mathgroup4
LaTeX Font Info:    Overwriting symbol font `mincho' in version `bold'
(Font)                  JY1/mc/m/n --> JY1/gt/m/n on input line 614.
\toclineskip=\dimen118
\@lnumwidth=\dimen119
\bibindent=\dimen120
\heisei=\count92
)
(c:/texlive/2019/texmf-dist/tex/latex/graphics/graphicx.sty
Package: graphicx 2017/06/01 v1.1a Enhanced LaTeX Graphics (DPC,SPQR)

(c:/texlive/2019/texmf-dist/tex/latex/graphics/keyval.sty
Package: keyval 2014/10/28 v1.15 key=value parser (DPC)
\KV@toks@=\toks15
)
(c:/texlive/2019/texmf-dist/tex/latex/graphics/graphics.sty
Package: graphics 2017/06/25 v1.2c Standard LaTeX Graphics (DPC,SPQR)

(c:/texlive/2019/texmf-dist/tex/latex/graphics/trig.sty
Package: trig 2016/01/03 v1.10 sin cos tan (DPC)
)
(c:/texlive/2019/texmf-dist/tex/latex/graphics-cfg/graphics.cfg
File: graphics.cfg 2016/06/04 v1.11 sample graphics configuration
)
Package graphics Info: Driver file: dvipdfmx.def on input line 99.

(c:/texlive/2019/texmf-dist/tex/latex/graphics-def/dvipdfmx.def
File: dvipdfmx.def 2017/06/24 v5.0g Graphics/color driver for dvipdfmx
))
\Gin@req@height=\dimen121
\Gin@req@width=\dimen122
)
(c:/texlive/2019/texmf-dist/tex/latex/amsfonts/amssymb.sty
Package: amssymb 2013/01/14 v3.01 AMS font symbols

(c:/texlive/2019/texmf-dist/tex/latex/amsfonts/amsfonts.sty
Package: amsfonts 2013/01/14 v3.01 Basic AMSFonts support
\@emptytoks=\toks16
\symAMSa=\mathgroup5
\symAMSb=\mathgroup6
LaTeX Font Info:    Overwriting math alphabet `\mathfrak' in version `bold'
(Font)                  U/euf/m/n --> U/euf/b/n on input line 106.
))
(c:/texlive/2019/texmf-dist/tex/latex/subfigure/subfigure.sty
Package: subfigure 2002/03/15 v2.1.5 subfigure package
\subfigtopskip=\skip43
\subfigcapskip=\skip44
\subfigcaptopadj=\dimen123
\subfigbottomskip=\skip45
\subfigcapmargin=\dimen124
\subfiglabelskip=\skip46
\c@subfigure=\count93
\c@lofdepth=\count94
\c@subtable=\count95
\c@lotdepth=\count96

****************************************
* Local config file subfigure.cfg used *
****************************************
(c:/texlive/2019/texmf-dist/tex/latex/subfigure/subfigure.cfg)
\subfig@top=\skip47
\subfig@bottom=\skip48
) (./進捗報告.aux

LaTeX Warning: Label `data3-2' multiply defined.

)
\openout1 = `進捗報告.aux'.

LaTeX Font Info:    Checking defaults for OML/cmm/m/it on input line 6.
LaTeX Font Info:    ... okay on input line 6.
LaTeX Font Info:    Checking defaults for T1/cmr/m/n on input line 6.
LaTeX Font Info:    ... okay on input line 6.
LaTeX Font Info:    Checking defaults for OT1/cmr/m/n on input line 6.
LaTeX Font Info:    ... okay on input line 6.
LaTeX Font Info:    Checking defaults for OMS/cmsy/m/n on input line 6.
LaTeX Font Info:    ... okay on input line 6.
LaTeX Font Info:    Checking defaults for OMX/cmex/m/n on input line 6.
LaTeX Font Info:    ... okay on input line 6.
LaTeX Font Info:    Checking defaults for U/cmr/m/n on input line 6.
LaTeX Font Info:    ... okay on input line 6.
LaTeX Font Info:    Checking defaults for JY1/mc/m/n on input line 6.
LaTeX Font Info:    ... okay on input line 6.
LaTeX Font Info:    Checking defaults for JT1/mc/m/n on input line 6.
LaTeX Font Info:    ... okay on input line 6.
LaTeX Font Info:    Font shape `JT1/mc/bx/n' in size <10> not available
(Font)              Font shape `JT1/gt/m/n' tried instead on input line 11.
LaTeX Font Info:    Font shape `JY1/mc/bx/n' in size <10> not available
(Font)              Font shape `JY1/gt/m/n' tried instead on input line 11.
LaTeX Font Info:    Try loading font information for U+msa on input line 12.
 (c:/texlive/2019/texmf-dist/tex/latex/amsfonts/umsa.fd
File: umsa.fd 2013/01/14 v3.01 AMS symbols A
)
LaTeX Font Info:    Try loading font information for U+msb on input line 12.

(c:/texlive/2019/texmf-dist/tex/latex/amsfonts/umsb.fd
File: umsb.fd 2013/01/14 v3.01 AMS symbols B
)
File: 0-1.pdf Graphic file (type pdf)
<0-1.pdf>
File: 1-2.pdf Graphic file (type pdf)
<1-2.pdf>
File: 2-3.pdf Graphic file (type pdf)
<2-3.pdf>

Overfull \hbox (24.71112pt too wide) in paragraph at lines 17--23
 []  []  [] 
 []

File: 3-4.pdf Graphic file (type pdf)
<3-4.pdf>
File: 4-5.pdf Graphic file (type pdf)
<4-5.pdf>
File: 5-6.pdf Graphic file (type pdf)
<5-6.pdf>

Overfull \hbox (24.71112pt too wide) in paragraph at lines 27--33
 [][]  []  [] 
 []

File: 6-7.pdf Graphic file (type pdf)
<6-7.pdf>
File: 7-8.pdf Graphic file (type pdf)
<7-8.pdf>
File: 8-9.pdf Graphic file (type pdf)
<8-9.pdf>

Overfull \hbox (24.71112pt too wide) in paragraph at lines 37--43
 [][]  []  [] 
 []

File: 9-10.pdf Graphic file (type pdf)
<9-10.pdf>
File: 10-11.pdf Graphic file (type pdf)
<10-11.pdf>
File: 11-12.pdf Graphic file (type pdf)
<11-12.pdf>

Overfull \hbox (24.71112pt too wide) in paragraph at lines 47--53
 [][]  []  [] 
 []

File: 12-13.pdf Graphic file (type pdf)
<12-13.pdf>
File: 13-14.pdf Graphic file (type pdf)
<13-14.pdf>
File: 14-15.pdf Graphic file (type pdf)
<14-15.pdf>

Overfull \hbox (24.71112pt too wide) in paragraph at lines 57--64
 [][]  []  [] 
 []


LaTeX Warning: Float too large for page by 17.37505pt on input line 67.

File: 15-16.pdf Graphic file (type pdf)
<15-16.pdf>
File: 16-17.pdf Graphic file (type pdf)
<16-17.pdf>
File: 17-18.pdf Graphic file (type pdf)
<17-18.pdf>

Overfull \hbox (24.71112pt too wide) in paragraph at lines 73--79
 []  []  [] 
 []

File: 18-19.pdf Graphic file (type pdf)
<18-19.pdf>
File: 19-20.pdf Graphic file (type pdf)
<19-20.pdf>
File: 20-21.pdf Graphic file (type pdf)
<20-21.pdf>

Overfull \hbox (24.71112pt too wide) in paragraph at lines 83--89
 [][]  []  [] 
 []

File: 21-22.pdf Graphic file (type pdf)
<21-22.pdf>
File: 22-23.pdf Graphic file (type pdf)
<22-23.pdf>
File: 23-24.pdf Graphic file (type pdf)
<23-24.pdf>

Overfull \hbox (24.71112pt too wide) in paragraph at lines 93--99
 [][]  []  [] 
 []

File: 24-25.pdf Graphic file (type pdf)
<24-25.pdf>
File: 25-26.pdf Graphic file (type pdf)
<25-26.pdf>
File: 26-27.pdf Graphic file (type pdf)
<26-27.pdf>

Overfull \hbox (24.71112pt too wide) in paragraph at lines 103--109
 [][]  []  [] 
 []

File: 27-28.pdf Graphic file (type pdf)
<27-28.pdf>
File: 28-29.pdf Graphic file (type pdf)
<28-29.pdf>
File: 29-30.pdf Graphic file (type pdf)
<29-30.pdf>

Overfull \hbox (24.71112pt too wide) in paragraph at lines 113--120
 [][]  []  [] 
 []


LaTeX Warning: Float too large for page by 17.37505pt on input line 122.

File: 30-31.pdf Graphic file (type pdf)
<30-31.pdf>
File: 31-32.pdf Graphic file (type pdf)
<31-32.pdf>
File: 32-33.pdf Graphic file (type pdf)
<32-33.pdf>

Overfull \hbox (24.71112pt too wide) in paragraph at lines 128--134
 []  []  [] 
 []

File: 33-34.pdf Graphic file (type pdf)
<33-34.pdf>
File: 34-35.pdf Graphic file (type pdf)
<34-35.pdf>
File: 35-36.pdf Graphic file (type pdf)
<35-36.pdf>

Overfull \hbox (24.71112pt too wide) in paragraph at lines 138--144
 [][]  []  [] 
 []

File: 36-37.pdf Graphic file (type pdf)
<36-37.pdf>
File: 37-38.pdf Graphic file (type pdf)
<37-38.pdf>
File: 38-39.pdf Graphic file (type pdf)
<38-39.pdf>

Overfull \hbox (24.71112pt too wide) in paragraph at lines 148--154
 [][]  []  [] 
 []

File: 39-40.pdf Graphic file (type pdf)
<39-40.pdf>
File: 40-41.pdf Graphic file (type pdf)
<40-41.pdf>
File: 41-42.pdf Graphic file (type pdf)
<41-42.pdf>

Overfull \hbox (24.71112pt too wide) in paragraph at lines 158--164
 [][]  []  [] 
 []

File: 42-43.pdf Graphic file (type pdf)
<42-43.pdf>
File: 43-44.pdf Graphic file (type pdf)
<43-44.pdf>
File: 44-45.pdf Graphic file (type pdf)
<44-45.pdf>

Overfull \hbox (24.71112pt too wide) in paragraph at lines 168--175
 [][]  []  [] 
 []


LaTeX Warning: Float too large for page by 17.37505pt on input line 177.

File: 45-46.pdf Graphic file (type pdf)
<45-46.pdf>
File: 46-47.pdf Graphic file (type pdf)
<46-47.pdf>
File: 47-48.pdf Graphic file (type pdf)
<47-48.pdf>

Overfull \hbox (24.71112pt too wide) in paragraph at lines 183--189
 []  []  [] 
 []

File: 48-49.pdf Graphic file (type pdf)
<48-49.pdf>
File: 49-50.pdf Graphic file (type pdf)
<49-50.pdf>
File: 50-51.pdf Graphic file (type pdf)
<50-51.pdf>

Overfull \hbox (24.71112pt too wide) in paragraph at lines 193--199
 [][]  []  [] 
 []

File: 51-52.pdf Graphic file (type pdf)
<51-52.pdf>
File: 52-53.pdf Graphic file (type pdf)
<52-53.pdf>
File: 53-54.pdf Graphic file (type pdf)
<53-54.pdf>

Overfull \hbox (24.71112pt too wide) in paragraph at lines 203--209
 [][]  []  [] 
 []

File: 54-55.pdf Graphic file (type pdf)
<54-55.pdf>
File: 55-56.pdf Graphic file (type pdf)
<55-56.pdf>
File: 56-57.pdf Graphic file (type pdf)
<56-57.pdf>

Overfull \hbox (24.71112pt too wide) in paragraph at lines 213--219
 [][]  []  [] 
 []

File: 57-58.pdf Graphic file (type pdf)
<57-58.pdf>
File: 58-59.pdf Graphic file (type pdf)
<58-59.pdf>
File: 59-60.pdf Graphic file (type pdf)
<59-60.pdf>

Overfull \hbox (24.71112pt too wide) in paragraph at lines 223--230
 [][]  []  [] 
 []


LaTeX Warning: Float too large for page by 17.37505pt on input line 233.

File: plot.pdf Graphic file (type pdf)
<plot.pdf>
File: plot-6-23.pdf Graphic file (type pdf)
<plot-6-23.pdf>
File: plot-6-24.pdf Graphic file (type pdf)
<plot-6-24.pdf>

Overfull \hbox (17.77774pt too wide) in paragraph at lines 251--254
 []  [] 
 []

File: plot-6-25.pdf Graphic file (type pdf)
<plot-6-25.pdf>
File: plot-6-26.pdf Graphic file (type pdf)
<plot-6-26.pdf>

Overfull \hbox (17.77774pt too wide) in paragraph at lines 257--260
 [][]  [] 
 []

File: plot-6-27.pdf Graphic file (type pdf)
<plot-6-27.pdf>
File: plot-6-28.pdf Graphic file (type pdf)
<plot-6-28.pdf>

Overfull \hbox (17.77774pt too wide) in paragraph at lines 263--267
 [][]  [] 
 []

File: plot-6-29.pdf Graphic file (type pdf)
<plot-6-29.pdf>
File: plot-6-30.pdf Graphic file (type pdf)
<plot-6-30.pdf>

Overfull \hbox (17.77774pt too wide) in paragraph at lines 275--278
 []  [] 
 []

File: plot-7-1.pdf Graphic file (type pdf)
<plot-7-1.pdf>
[1

] [2] [3] [4] [5] [6] [7] [8] (./進捗報告.aux)

LaTeX Warning: There were multiply-defined labels.

 ) 
Here is how much of TeX's memory you used:
 1402 strings out of 493230
 18408 string characters out of 6147555
 97110 words of memory out of 5000000
 5273 multiletter control sequences out of 15000+600000
 13653 words of font info for 56 fonts, out of 8000000 for 9000
 929 hyphenation exceptions out of 8191
 25i,5n,27p,947b,443s stack positions out of 5000i,500n,10000p,200000b,80000s

Output written on 進捗報告.dvi (8 pages, 16908 bytes).
