This is e-pTeX, Version 3.14159265-p3.8.2-190131-2.6 (utf8.sjis) (TeX Live 2019/W32TeX) (preloaded format=platex 2019.6.28)  26 JUN 2020 09:32
entering extended mode
 restricted \write18 enabled.
 %&-line parsing enabled.
**2020-06-26.tex
(./2020-06-26.tex
pLaTeX2e <2019-04-06> (based on LaTeX2e <2018-12-01>)
(c:/texlive/2019/texmf-dist/tex/platex/base/jarticle.cls
Document Class: jarticle 2019/04/02 v1.8b Standard pLaTeX class
\c@@paper=\count83
(c:/texlive/2019/texmf-dist/tex/platex/base/jsize10.clo
File: jsize10.clo 2019/04/02 v1.8b Standard pLaTeX file (size option)
)
\c@part=\count84
\c@section=\count85
\c@subsection=\count86
\c@subsubsection=\count87
\c@paragraph=\count88
\c@subparagraph=\count89
\c@figure=\count90
\c@table=\count91
\abovecaptionskip=\skip41
\belowcaptionskip=\skip42
\symmincho=\mathgroup4
LaTeX Font Info:    Overwriting symbol font `mincho' in version `bold'
(Font)                  JY1/mc/m/n --> JY1/gt/m/n on input line 614.
\toclineskip=\dimen118
\@lnumwidth=\dimen119
\bibindent=\dimen120
\heisei=\count92
)
(c:/texlive/2019/texmf-dist/tex/latex/graphics/graphicx.sty
Package: graphicx 2017/06/01 v1.1a Enhanced LaTeX Graphics (DPC,SPQR)

(c:/texlive/2019/texmf-dist/tex/latex/graphics/keyval.sty
Package: keyval 2014/10/28 v1.15 key=value parser (DPC)
\KV@toks@=\toks15
)
(c:/texlive/2019/texmf-dist/tex/latex/graphics/graphics.sty
Package: graphics 2017/06/25 v1.2c Standard LaTeX Graphics (DPC,SPQR)

(c:/texlive/2019/texmf-dist/tex/latex/graphics/trig.sty
Package: trig 2016/01/03 v1.10 sin cos tan (DPC)
)
(c:/texlive/2019/texmf-dist/tex/latex/graphics-cfg/graphics.cfg
File: graphics.cfg 2016/06/04 v1.11 sample graphics configuration
)
Package graphics Info: Driver file: dvipdfmx.def on input line 99.

(c:/texlive/2019/texmf-dist/tex/latex/graphics-def/dvipdfmx.def
File: dvipdfmx.def 2017/06/24 v5.0g Graphics/color driver for dvipdfmx
))
\Gin@req@height=\dimen121
\Gin@req@width=\dimen122
)
(c:/texlive/2019/texmf-dist/tex/latex/amsfonts/amssymb.sty
Package: amssymb 2013/01/14 v3.01 AMS font symbols

(c:/texlive/2019/texmf-dist/tex/latex/amsfonts/amsfonts.sty
Package: amsfonts 2013/01/14 v3.01 Basic AMSFonts support
\@emptytoks=\toks16
\symAMSa=\mathgroup5
\symAMSb=\mathgroup6
LaTeX Font Info:    Overwriting math alphabet `\mathfrak' in version `bold'
(Font)                  U/euf/m/n --> U/euf/b/n on input line 106.
))
(c:/texlive/2019/texmf-dist/tex/latex/subfigure/subfigure.sty
Package: subfigure 2002/03/15 v2.1.5 subfigure package
\subfigtopskip=\skip43
\subfigcapskip=\skip44
\subfigcaptopadj=\dimen123
\subfigbottomskip=\skip45
\subfigcapmargin=\dimen124
\subfiglabelskip=\skip46
\c@subfigure=\count93
\c@lofdepth=\count94
\c@subtable=\count95
\c@lotdepth=\count96

****************************************
* Local config file subfigure.cfg used *
****************************************
(c:/texlive/2019/texmf-dist/tex/latex/subfigure/subfigure.cfg)
\subfig@top=\skip47
\subfig@bottom=\skip48
)
(./2020-06-26.aux)
\openout1 = `2020-06-26.aux'.

LaTeX Font Info:    Checking defaults for OML/cmm/m/it on input line 10.
LaTeX Font Info:    ... okay on input line 10.
LaTeX Font Info:    Checking defaults for T1/cmr/m/n on input line 10.
LaTeX Font Info:    ... okay on input line 10.
LaTeX Font Info:    Checking defaults for OT1/cmr/m/n on input line 10.
LaTeX Font Info:    ... okay on input line 10.
LaTeX Font Info:    Checking defaults for OMS/cmsy/m/n on input line 10.
LaTeX Font Info:    ... okay on input line 10.
LaTeX Font Info:    Checking defaults for OMX/cmex/m/n on input line 10.
LaTeX Font Info:    ... okay on input line 10.
LaTeX Font Info:    Checking defaults for U/cmr/m/n on input line 10.
LaTeX Font Info:    ... okay on input line 10.
LaTeX Font Info:    Checking defaults for JY1/mc/m/n on input line 10.
LaTeX Font Info:    ... okay on input line 10.
LaTeX Font Info:    Checking defaults for JT1/mc/m/n on input line 10.
LaTeX Font Info:    ... okay on input line 10.
LaTeX Font Info:    Try loading font information for OMS+cmr on input line 21.
 (c:/texlive/2019/texmf-dist/tex/latex/base/omscmr.fd
File: omscmr.fd 2014/09/29 v2.5h Standard LaTeX font definitions
)
LaTeX Font Info:    Font shape `OMS/cmr/m/n' in size <10> not available
(Font)              Font shape `OMS/cmsy/m/n' tried instead on input line 21.
LaTeX Font Info:    Font shape `JT1/mc/bx/n' in size <14.4> not available
(Font)              Font shape `JT1/gt/m/n' tried instead on input line 26.
LaTeX Font Info:    Font shape `JY1/mc/bx/n' in size <14.4> not available
(Font)              Font shape `JY1/gt/m/n' tried instead on input line 26.
LaTeX Font Info:    Try loading font information for U+msa on input line 42.

(c:/texlive/2019/texmf-dist/tex/latex/amsfonts/umsa.fd
File: umsa.fd 2013/01/14 v3.01 AMS symbols A
)
LaTeX Font Info:    Try loading font information for U+msb on input line 42.

(c:/texlive/2019/texmf-dist/tex/latex/amsfonts/umsb.fd
File: umsb.fd 2013/01/14 v3.01 AMS symbols B
) [1

]
LaTeX Font Info:    Font shape `JT1/mc/bx/n' in size <12> not available
(Font)              Font shape `JT1/gt/m/n' tried instead on input line 83.
LaTeX Font Info:    Font shape `JY1/mc/bx/n' in size <12> not available
(Font)              Font shape `JY1/gt/m/n' tried instead on input line 83.
 [2]
File: norm_comp-PseudoFwithMin.pdf Graphic file (type pdf)
<norm_comp-PseudoFwithMin.pdf>
File: diff_comp-PseudoFwithMin.pdf Graphic file (type pdf)
<diff_comp-PseudoFwithMin.pdf>
File: num-norm_comp-eucl-ward-8-timezone.pdf Graphic file (type pdf)
<num-norm_comp-eucl-ward-8-timezone.pdf>
File: num-norm_comp-eucl-ward-8-day.pdf Graphic file (type pdf)
<num-norm_comp-eucl-ward-8-day.pdf>
File: norm_comp-eucl-ward-8-timezone.pdf Graphic file (type pdf)
<norm_comp-eucl-ward-8-timezone.pdf>
File: norm_comp-eucl-ward-8-day.pdf Graphic file (type pdf)
<norm_comp-eucl-ward-8-day.pdf>
File: norm_comp-eucl-ward-8-timezone-day.pdf Graphic file (type pdf)
<norm_comp-eucl-ward-8-timezone-day.pdf>
File: num-diff_comp-eucl-ward-4-timezone.pdf Graphic file (type pdf)
<num-diff_comp-eucl-ward-4-timezone.pdf>
File: num-diff_comp-eucl-ward-4-day.pdf Graphic file (type pdf)
<num-diff_comp-eucl-ward-4-day.pdf>
File: diff_comp-eucl-ward-4-timezone.pdf Graphic file (type pdf)
<diff_comp-eucl-ward-4-timezone.pdf>
File: diff_comp-eucl-ward-4-day.pdf Graphic file (type pdf)
<diff_comp-eucl-ward-4-day.pdf>
File: diff_comp-eucl-ward-4-timezone-day.pdf Graphic file (type pdf)
<diff_comp-eucl-ward-4-timezone-day.pdf>
File: traffic.pdf Graphic file (type pdf)
<traffic.pdf>
 [3]
File: norm_scale-PseudoFwithMin.pdf Graphic file (type pdf)
<norm_scale-PseudoFwithMin.pdf>
File: diff_scale-PseudoFwithMin.pdf Graphic file (type pdf)
<diff_scale-PseudoFwithMin.pdf>
File: num-norm_scale-eucl-ward-11-timezone.pdf Graphic file (type pdf)
<num-norm_scale-eucl-ward-11-timezone.pdf>
File: num-norm_scale-eucl-ward-11-day.pdf Graphic file (type pdf)
<num-norm_scale-eucl-ward-11-day.pdf>
File: norm_scale-eucl-ward-11-timezone.pdf Graphic file (type pdf)
<norm_scale-eucl-ward-11-timezone.pdf>
File: norm_scale-eucl-ward-11-day.pdf Graphic file (type pdf)
<norm_scale-eucl-ward-11-day.pdf>
File: norm_scale-eucl-ward-11-timezone-day.pdf Graphic file (type pdf)
<norm_scale-eucl-ward-11-timezone-day.pdf>
File: num-diff_scale-eucl-ward-3-timezone.pdf Graphic file (type pdf)
<num-diff_scale-eucl-ward-3-timezone.pdf>
File: num-diff_scale-eucl-ward-3-day.pdf Graphic file (type pdf)
<num-diff_scale-eucl-ward-3-day.pdf>
File: diff_scale-eucl-ward-3-timezone.pdf Graphic file (type pdf)
<diff_scale-eucl-ward-3-timezone.pdf>
File: diff_scale-eucl-ward-3-day.pdf Graphic file (type pdf)
<diff_scale-eucl-ward-3-day.pdf>
File: diff_scale-eucl-ward-3-timezone-day.pdf Graphic file (type pdf)
<diff_scale-eucl-ward-3-timezone-day.pdf>
File: 0-5.pdf Graphic file (type pdf)
<0-5.pdf>
File: 5-10.pdf Graphic file (type pdf)
<5-10.pdf>
File: 10-15.pdf Graphic file (type pdf)
<10-15.pdf>

Overfull \hbox (24.71112pt too wide) in paragraph at lines 254--260
 []  []  [] 
 []

File: 15-20.pdf Graphic file (type pdf)
<15-20.pdf>
File: 20-25.pdf Graphic file (type pdf)
<20-25.pdf>
File: 25-30.pdf Graphic file (type pdf)
<25-30.pdf>

Overfull \hbox (24.71112pt too wide) in paragraph at lines 263--269
 [][]  []  [] 
 []

File: 30-35.pdf Graphic file (type pdf)
<30-35.pdf>
File: 35-40.pdf Graphic file (type pdf)
<35-40.pdf>
File: 40-45.pdf Graphic file (type pdf)
<40-45.pdf>

Overfull \hbox (24.71112pt too wide) in paragraph at lines 272--278
 [][]  []  [] 
 []

File: 45-50.pdf Graphic file (type pdf)
<45-50.pdf>
File: 50-55.pdf Graphic file (type pdf)
<50-55.pdf>
File: 55-60.pdf Graphic file (type pdf)
<55-60.pdf>

Overfull \hbox (24.71112pt too wide) in paragraph at lines 281--288
 [][]  []  [] 
 []

File: 60-65.pdf Graphic file (type pdf)
<60-65.pdf>
File: 65-70.pdf Graphic file (type pdf)
<65-70.pdf>
File: 70-75.pdf Graphic file (type pdf)
<70-75.pdf>

Overfull \hbox (24.71112pt too wide) in paragraph at lines 296--302
 []  []  [] 
 []

File: 75-80.pdf Graphic file (type pdf)
<75-80.pdf>
File: 80-85.pdf Graphic file (type pdf)
<80-85.pdf>
File: 85-90.pdf Graphic file (type pdf)
<85-90.pdf>

Overfull \hbox (24.71112pt too wide) in paragraph at lines 305--311
 [][]  []  [] 
 []

File: 90-95.pdf Graphic file (type pdf)
<90-95.pdf>
File: 95-100.pdf Graphic file (type pdf)
<95-100.pdf>
File: 100-105.pdf Graphic file (type pdf)
<100-105.pdf>

Overfull \hbox (24.71112pt too wide) in paragraph at lines 314--320
 [][]  []  [] 
 []

File: 105-110.pdf Graphic file (type pdf)
<105-110.pdf>
File: 110-115.pdf Graphic file (type pdf)
<110-115.pdf>
File: 115-120.pdf Graphic file (type pdf)
<115-120.pdf>

Overfull \hbox (24.71112pt too wide) in paragraph at lines 323--330
 [][]  []  [] 
 []

[4]
File: plot-6-23.pdf Graphic file (type pdf)
<plot-6-23.pdf>
 (./2020-06-26.bbl [5]
Underfull \hbox (badness 10000) in paragraph at lines 63--65
[]\JY1/mc/m/n/10 総務省 ， 情報通信統計デ ータベ ース 我が国の移動通信トラヒ ッ
 クの現状 ，
 []

) [6] [7] [8] [9] [10] [11] [12] [13] [14] (./2020-06-26.aux) ) 
Here is how much of TeX's memory you used:
 1388 strings out of 493230
 20311 string characters out of 6147555
 94111 words of memory out of 5000000
 5284 multiletter control sequences out of 15000+600000
 17940 words of font info for 71 fonts, out of 8000000 for 9000
 929 hyphenation exceptions out of 8191
 25i,7n,27p,463b,369s stack positions out of 5000i,500n,10000p,200000b,80000s

Output written on 2020-06-26.dvi (14 pages, 39892 bytes).
